#
# There is insufficient memory for the Java Runtime Environment to continue.
# Native memory allocation (malloc) failed to allocate 32744 bytes. Error detail: Chunk::new
# Possible reasons:
#   The system is out of physical RAM or swap space
#   This process is running with CompressedOops enabled, and the Java Heap may be blocking the growth of the native heap
# Possible solutions:
#   Reduce memory load on the system
#   Increase physical memory or swap space
#   Check if swap backing store is full
#   Decrease Java heap size (-Xmx/-Xms)
#   Decrease number of Java threads
#   Decrease Java thread stack sizes (-Xss)
#   Set larger code cache with -XX:ReservedCodeCacheSize=
#   JVM is running with Zero Based Compressed Oops mode in which the Java heap is
#     placed in the first 32GB address space. The Java Heap base address is the
#     maximum limit for the native heap growth. Please use -XX:HeapBaseMinAddress
#     to set the Java Heap base and to place the Java Heap above 32GB virtual address.
# This output file may be truncated or incomplete.
#
#  Out of Memory Error (arena.cpp:149), pid=9928, tid=1512
#
# JRE version: Java(TM) SE Runtime Environment (23.0+37) (build 23+37-2369)
# Java VM: Java HotSpot(TM) 64-Bit Server VM (23+37-2369, mixed mode, sharing, tiered, compressed oops, compressed class ptrs, g1 gc, windows-amd64)
# No core dump will be written. Minidumps are not enabled by default on client versions of Windows
#

---------------  S U M M A R Y ------------

Command Line: -XX:+ShowCodeDetailsInExceptionMessages -agentlib:jdwp=transport=dt_socket,suspend=y,address=localhost:62245 --module-path=C:\Users\loren\Desktop\Tor Vergata\ISPW\Progetto\ISPW_Progetto\Dream_Finder\libs\javafx-sdk-23.0.1\lib --add-modules=javafx.controls,javafx.graphics,javafx.fxml -javaagent:C:\Users\loren\eclipse\java-2024-12\eclipse\configuration\org.eclipse.osgi\252\0\.cp\lib\javaagent-shaded.jar -Dfile.encoding=UTF-8 -Dstdout.encoding=UTF-8 -Dstderr.encoding=UTF-8 --module-path=C:\Users\loren\Desktop\Tor Vergata\ISPW\Progetto\ISPW_Progetto\Dream_Finder\bin;C:\Users\loren\.p2\pool\plugins\org.eclipse.fx.ide.css.jfx8_3.8.0.202204150904.jar;C:\Users\loren\Desktop\JavaFXLibraries\openjfx-23.0.1_windows-x64_bin-sdk\javafx-sdk-23.0.1\lib\javafx.base.jar;C:\Users\loren\Desktop\JavaFXLibraries\openjfx-23.0.1_windows-x64_bin-sdk\javafx-sdk-23.0.1\lib\javafx.controls.jar;C:\Users\loren\Desktop\JavaFXLibraries\openjfx-23.0.1_windows-x64_bin-sdk\javafx-sdk-23.0.1\lib\javafx.fxml.jar;C:\Users\loren\Desktop\JavaFXLibraries\openjfx-23.0.1_windows-x64_bin-sdk\javafx-sdk-23.0.1\lib\javafx.graphics.jar;C:\Users\loren\Desktop\JavaFXLibraries\openjfx-23.0.1_windows-x64_bin-sdk\javafx-sdk-23.0.1\lib\javafx.media.jar;C:\Users\loren\Desktop\JavaFXLibraries\openjfx-23.0.1_windows-x64_bin-sdk\javafx-sdk-23.0.1\lib\javafx.swing.jar;C:\Users\loren\Desktop\JavaFXLibraries\openjfx-23.0.1_windows-x64_bin-sdk\javafx-sdk-23.0.1\lib\javafx.web.jar;C:\Users\loren\Desktop\JavaFXLibraries\openjfx-23.0.1_windows-x64_bin-sdk\javafx-sdk-23.0.1\lib\javafx-swt.jar -Djdk.module.main=Dream_Finder Dream_Finder/application.Main

Host: AMD Ryzen 7 3750H with Radeon Vega Mobile Gfx  , 8 cores, 15G,  Windows 11 , 64 bit Build 26100 (10.0.26100.7019)
Time: Mon Dec 15 20:16:46 2025 ora solare Europa occidentale elapsed time: 58.187955 seconds (0d 0h 0m 58s)

---------------  T H R E A D  ---------------

Current thread (0x0000029ffc963310):  JavaThread "C2 CompilerThread0" daemon [_thread_in_native, id=1512, stack(0x000000de31200000,0x000000de31300000) (1024K)]


Current CompileTask:
C2:58188 3939 %     4       com.sun.marlin.Renderer::_endRendering @ 787 (2639 bytes)

Stack: [0x000000de31200000,0x000000de31300000]
Native frames: (J=compiled Java code, j=interpreted, Vv=VM code, C=native code)
V  [jvm.dll+0x6e08a9]  (no source info available)
V  [jvm.dll+0x87da63]  (no source info available)
V  [jvm.dll+0x87feee]  (no source info available)
V  [jvm.dll+0x8805c3]  (no source info available)
V  [jvm.dll+0x27aee6]  (no source info available)
V  [jvm.dll+0xbc06f]  (no source info available)
V  [jvm.dll+0xbc2cb]  (no source info available)
V  [jvm.dll+0x70b4cc]  (no source info available)
V  [jvm.dll+0x1dc46b]  (no source info available)
V  [jvm.dll+0x244be5]  (no source info available)
V  [jvm.dll+0x243dff]  (no source info available)
V  [jvm.dll+0x1c33a0]  (no source info available)
V  [jvm.dll+0x253cf1]  (no source info available)
V  [jvm.dll+0x251faa]  (no source info available)
V  [jvm.dll+0x3ee036]  (no source info available)
V  [jvm.dll+0x824f1b]  (no source info available)
V  [jvm.dll+0x6df055]  (no source info available)
C  [ucrtbase.dll+0x37b0]  (no source info available)
C  [KERNEL32.DLL+0x2e8d7]  (no source info available)
C  [ntdll.dll+0x8c53c]  (no source info available)

Lock stack of current Java thread (top to bottom):


---------------  P R O C E S S  ---------------

Threads class SMR info:
_java_thread_list=0x0000029fde4fb8a0, length=21, elements={
0x0000029febc10770, 0x0000029ffc94b270, 0x0000029ffc94c9f0, 0x0000029ffc950a30,
0x0000029ffc951490, 0x0000029ffc954a70, 0x0000029ffc959c40, 0x0000029ffc963310,
0x0000029ffc968fd0, 0x0000029fd40d3070, 0x0000029fd440e8e0, 0x0000029fd49b3130,
0x0000029fd49b37c0, 0x0000029fd4b1b060, 0x0000029fd47d4e20, 0x0000029fd4b39670,
0x0000029fd50c4d30, 0x0000029fd5565d70, 0x0000029fd44e7f80, 0x0000029fd56f0c40,
0x0000029fd56f1ff0
}

Java Threads: ( => current thread )
  0x0000029febc10770 JavaThread "main"                              [_thread_blocked, id=29264, stack(0x000000de30400000,0x000000de30500000) (1024K)]
  0x0000029ffc94b270 JavaThread "Reference Handler"          daemon [_thread_blocked, id=4624, stack(0x000000de30c00000,0x000000de30d00000) (1024K)]
  0x0000029ffc94c9f0 JavaThread "Finalizer"                  daemon [_thread_blocked, id=4792, stack(0x000000de30d00000,0x000000de30e00000) (1024K)]
  0x0000029ffc950a30 JavaThread "Signal Dispatcher"          daemon [_thread_blocked, id=31304, stack(0x000000de30e00000,0x000000de30f00000) (1024K)]
  0x0000029ffc951490 JavaThread "Attach Listener"            daemon [_thread_blocked, id=2140, stack(0x000000de30f00000,0x000000de31000000) (1024K)]
  0x0000029ffc954a70 JavaThread "Service Thread"             daemon [_thread_blocked, id=8384, stack(0x000000de31000000,0x000000de31100000) (1024K)]
  0x0000029ffc959c40 JavaThread "Monitor Deflation Thread"   daemon [_thread_blocked, id=9692, stack(0x000000de31100000,0x000000de31200000) (1024K)]
=>0x0000029ffc963310 JavaThread "C2 CompilerThread0"         daemon [_thread_in_native, id=1512, stack(0x000000de31200000,0x000000de31300000) (1024K)]
  0x0000029ffc968fd0 JavaThread "C1 CompilerThread0"         daemon [_thread_blocked, id=7256, stack(0x000000de31300000,0x000000de31400000) (1024K)]
  0x0000029fd40d3070 JavaThread "Common-Cleaner"             daemon [_thread_blocked, id=28060, stack(0x000000de31400000,0x000000de31500000) (1024K)]
  0x0000029fd440e8e0 JavaThread "JDWP Transport Listener: dt_socket" daemon [_thread_blocked, id=32072, stack(0x000000de31700000,0x000000de31800000) (1024K)]
  0x0000029fd49b3130 JavaThread "JDWP Event Helper Thread"   daemon [_thread_blocked, id=15980, stack(0x000000de31800000,0x000000de31900000) (1024K)]
  0x0000029fd49b37c0 JavaThread "JDWP Command Reader"        daemon [_thread_in_native, id=28072, stack(0x000000de31900000,0x000000de31a00000) (1024K)]
  0x0000029fd4b1b060 JavaThread "Notification Thread"        daemon [_thread_blocked, id=26192, stack(0x000000de31600000,0x000000de31700000) (1024K)]
  0x0000029fd47d4e20 JavaThread "QuantumRenderer-0"          daemon [_thread_blocked, id=29108, stack(0x000000de31500000,0x000000de31600000) (1024K)]
  0x0000029fd4b39670 JavaThread "InvokeLaterDispatcher"      daemon [_thread_blocked, id=21392, stack(0x000000de32400000,0x000000de32500000) (1024K)]
  0x0000029fd50c4d30 JavaThread "JavaFX Application Thread"         [_thread_in_native, id=17636, stack(0x000000de32500000,0x000000de32600000) (1024K)]
  0x0000029fd5565d70 JavaThread "Thread-1"                   daemon [_thread_in_native, id=18056, stack(0x000000de32b20000,0x000000de32c20000) (1024K)]
  0x0000029fd44e7f80 JavaThread "JavaFX-Launcher"                   [_thread_blocked, id=3676, stack(0x000000de32c20000,0x000000de32d20000) (1024K)]
  0x0000029fd56f0c40 JavaThread "Prism Font Disposer"        daemon [_thread_blocked, id=27352, stack(0x000000de33120000,0x000000de33220000) (1024K)]
  0x0000029fd56f1ff0 JavaThread "Cleaner-0"                  daemon [_thread_blocked, id=1068, stack(0x000000de33220000,0x000000de33320000) (1024K)]
Total: 21

Other Threads:
  0x0000029ffc9308f0 VMThread "VM Thread"                           [id=13516, stack(0x000000de30b00000,0x000000de30c00000) (1024K)]
  0x0000029ffc91f840 WatcherThread "VM Periodic Task Thread"        [id=32632, stack(0x000000de30a00000,0x000000de30b00000) (1024K)]
  0x0000029febc76b30 WorkerThread "GC Thread#0"                     [id=32080, stack(0x000000de30500000,0x000000de30600000) (1024K)]
  0x0000029fd48a4390 WorkerThread "GC Thread#1"                     [id=15612, stack(0x000000de31d00000,0x000000de31e00000) (1024K)]
  0x0000029fd4bcbd50 WorkerThread "GC Thread#2"                     [id=11624, stack(0x000000de31e00000,0x000000de31f00000) (1024K)]
  0x0000029fd4bcc100 WorkerThread "GC Thread#3"                     [id=12948, stack(0x000000de31f00000,0x000000de32000000) (1024K)]
  0x0000029fd47cd6b0 WorkerThread "GC Thread#4"                     [id=30084, stack(0x000000de32000000,0x000000de32100000) (1024K)]
  0x0000029fd4b43830 WorkerThread "GC Thread#5"                     [id=12568, stack(0x000000de32100000,0x000000de32200000) (1024K)]
  0x0000029fd4bc3390 WorkerThread "GC Thread#6"                     [id=7940, stack(0x000000de32200000,0x000000de32300000) (1024K)]
  0x0000029fd4bc3740 WorkerThread "GC Thread#7"                     [id=22988, stack(0x000000de32300000,0x000000de32400000) (1024K)]
  0x0000029febc8cb10 ConcurrentGCThread "G1 Main Marker"            [id=324, stack(0x000000de30600000,0x000000de30700000) (1024K)]
  0x0000029febc8d530 WorkerThread "G1 Conc#0"                       [id=26152, stack(0x000000de30700000,0x000000de30800000) (1024K)]
  0x0000029ffc7ea9d0 ConcurrentGCThread "G1 Refine#0"               [id=4120, stack(0x000000de30800000,0x000000de30900000) (1024K)]
  0x0000029ffc7ed210 ConcurrentGCThread "G1 Service"                [id=13376, stack(0x000000de30900000,0x000000de30a00000) (1024K)]
Total: 14

Threads with active compile tasks:
C2 CompilerThread0  58508 3939 %     4       com.sun.marlin.Renderer::_endRendering @ 787 (2639 bytes)
Total: 1

VM state: not at safepoint (normal execution)

VM Mutex/Monitor currently owned by a thread: None

Heap address: 0x0000000705000000, size: 4016 MB, Compressed Oops mode: Zero based, Oop shift amount: 3

CDS archive(s) mapped at: [0x0000029f8f000000-0x0000029f8fd70000-0x0000029f8fd70000), size 14090240, SharedBaseAddress: 0x0000029f8f000000, ArchiveRelocationMode: 1.
Compressed class space mapped at: 0x0000029f90000000-0x0000029fd0000000, reserved size: 1073741824
Narrow klass base: 0x0000029f8f000000, Narrow klass shift: 0, Narrow klass range: 0x41000000

GC Precious Log:
 CardTable entry size: 512
 Card Set container configuration: InlinePtr #cards 4 size 8 Array Of Cards #cards 16 size 48 Howl #buckets 8 coarsen threshold 3686 Howl Bitmap #cards 512 size 80 coarsen threshold 460 Card regions per heap region 1 cards per card region 4096
 CPUs: 8 total, 8 available
 Memory: 16063M
 Large Page Support: Disabled
 NUMA Support: Disabled
 Compressed Oops: Enabled (Zero based)
 Heap Region Size: 2M
 Heap Min Capacity: 8M
 Heap Initial Capacity: 252M
 Heap Max Capacity: 4016M
 Pre-touch: Disabled
 Parallel Workers: 8
 Concurrent Workers: 2
 Concurrent Refinement Workers: 8
 Periodic GC: Disabled

Heap:
 garbage-first heap   total reserved 4112384K, committed 258048K, used 109518K [0x0000000705000000, 0x0000000800000000)
  region size 2048K, 33 young (67584K), 4 survivors (8192K)
 Metaspace       used 20449K, committed 20800K, reserved 1114112K
  class space    used 2947K, committed 3072K, reserved 1048576K

Heap Regions: E=young(eden), S=young(survivor), O=old, HS=humongous(starts), HC=humongous(continues), CS=collection set, F=free, TAMS=top-at-mark-start, PB=parsable bottom
|   0|0x0000000705000000, 0x0000000705200000, 0x0000000705200000|100%| O|  |TAMS 0x0000000705000000| PB 0x0000000705000000| Untracked |  0
|   1|0x0000000705200000, 0x000000070524c980, 0x0000000705400000| 14%| O|  |TAMS 0x0000000705200000| PB 0x0000000705200000| Untracked |  0
|   2|0x0000000705400000, 0x0000000705600000, 0x0000000705600000|100%|HS|  |TAMS 0x0000000705400000| PB 0x0000000705400000| Complete |  0
|   3|0x0000000705600000, 0x0000000705800000, 0x0000000705800000|100%|HS|  |TAMS 0x0000000705600000| PB 0x0000000705600000| Complete |  0
|   4|0x0000000705800000, 0x0000000705a00000, 0x0000000705a00000|100%|HC|  |TAMS 0x0000000705800000| PB 0x0000000705800000| Complete |  0
|   5|0x0000000705a00000, 0x0000000705c00000, 0x0000000705c00000|100%|HS|  |TAMS 0x0000000705a00000| PB 0x0000000705a00000| Complete |  0
|   6|0x0000000705c00000, 0x0000000705e00000, 0x0000000705e00000|100%|HC|  |TAMS 0x0000000705c00000| PB 0x0000000705c00000| Complete |  0
|   7|0x0000000705e00000, 0x0000000706000000, 0x0000000706000000|100%|HS|  |TAMS 0x0000000705e00000| PB 0x0000000705e00000| Complete |  0
|   8|0x0000000706000000, 0x0000000706200000, 0x0000000706200000|100%|HC|  |TAMS 0x0000000706000000| PB 0x0000000706000000| Complete |  0
|   9|0x0000000706200000, 0x0000000706400000, 0x0000000706400000|100%|HS|  |TAMS 0x0000000706200000| PB 0x0000000706200000| Complete |  0
|  10|0x0000000706400000, 0x0000000706600000, 0x0000000706600000|100%|HC|  |TAMS 0x0000000706400000| PB 0x0000000706400000| Complete |  0
|  11|0x0000000706600000, 0x0000000706800000, 0x0000000706800000|100%|HS|  |TAMS 0x0000000706600000| PB 0x0000000706600000| Complete |  0
|  12|0x0000000706800000, 0x0000000706800000, 0x0000000706a00000|  0%| F|  |TAMS 0x0000000706800000| PB 0x0000000706800000| Untracked |  0
|  13|0x0000000706a00000, 0x0000000706a00000, 0x0000000706c00000|  0%| F|  |TAMS 0x0000000706a00000| PB 0x0000000706a00000| Untracked |  0
|  14|0x0000000706c00000, 0x0000000706c00000, 0x0000000706e00000|  0%| F|  |TAMS 0x0000000706c00000| PB 0x0000000706c00000| Untracked |  0
|  15|0x0000000706e00000, 0x0000000706e00000, 0x0000000707000000|  0%| F|  |TAMS 0x0000000706e00000| PB 0x0000000706e00000| Untracked |  0
|  16|0x0000000707000000, 0x0000000707000000, 0x0000000707200000|  0%| F|  |TAMS 0x0000000707000000| PB 0x0000000707000000| Untracked |  0
|  17|0x0000000707200000, 0x0000000707200000, 0x0000000707400000|  0%| F|  |TAMS 0x0000000707200000| PB 0x0000000707200000| Untracked |  0
|  18|0x0000000707400000, 0x0000000707400000, 0x0000000707600000|  0%| F|  |TAMS 0x0000000707400000| PB 0x0000000707400000| Untracked |  0
|  19|0x0000000707600000, 0x0000000707800000, 0x0000000707800000|100%|HS|  |TAMS 0x0000000707600000| PB 0x0000000707600000| Complete |  0
|  20|0x0000000707800000, 0x0000000707a00000, 0x0000000707a00000|100%|HC|  |TAMS 0x0000000707800000| PB 0x0000000707800000| Complete |  0
|  21|0x0000000707a00000, 0x0000000707c00000, 0x0000000707c00000|100%|HS|  |TAMS 0x0000000707a00000| PB 0x0000000707a00000| Complete |  0
|  22|0x0000000707c00000, 0x0000000707e00000, 0x0000000707e00000|100%|HC|  |TAMS 0x0000000707c00000| PB 0x0000000707c00000| Complete |  0
|  23|0x0000000707e00000, 0x0000000708000000, 0x0000000708000000|100%|HS|  |TAMS 0x0000000707e00000| PB 0x0000000707e00000| Complete |  0
|  24|0x0000000708000000, 0x0000000708200000, 0x0000000708200000|100%|HC|  |TAMS 0x0000000708000000| PB 0x0000000708000000| Complete |  0
|  25|0x0000000708200000, 0x0000000708400000, 0x0000000708400000|100%|HS|  |TAMS 0x0000000708200000| PB 0x0000000708200000| Complete |  0
|  26|0x0000000708400000, 0x0000000708600000, 0x0000000708600000|100%|HC|  |TAMS 0x0000000708400000| PB 0x0000000708400000| Complete |  0
|  27|0x0000000708600000, 0x0000000708800000, 0x0000000708800000|100%|HS|  |TAMS 0x0000000708600000| PB 0x0000000708600000| Complete |  0
|  28|0x0000000708800000, 0x0000000708a00000, 0x0000000708a00000|100%|HC|  |TAMS 0x0000000708800000| PB 0x0000000708800000| Complete |  0
|  29|0x0000000708a00000, 0x0000000708c00000, 0x0000000708c00000|100%|HS|  |TAMS 0x0000000708a00000| PB 0x0000000708a00000| Complete |  0
|  30|0x0000000708c00000, 0x0000000708e00000, 0x0000000708e00000|100%|HC|  |TAMS 0x0000000708c00000| PB 0x0000000708c00000| Complete |  0
|  31|0x0000000708e00000, 0x0000000708e00000, 0x0000000709000000|  0%| F|  |TAMS 0x0000000708e00000| PB 0x0000000708e00000| Untracked |  0
|  32|0x0000000709000000, 0x0000000709000000, 0x0000000709200000|  0%| F|  |TAMS 0x0000000709000000| PB 0x0000000709000000| Untracked |  0
|  33|0x0000000709200000, 0x0000000709200000, 0x0000000709400000|  0%| F|  |TAMS 0x0000000709200000| PB 0x0000000709200000| Untracked |  0
|  34|0x0000000709400000, 0x0000000709400000, 0x0000000709600000|  0%| F|  |TAMS 0x0000000709400000| PB 0x0000000709400000| Untracked |  0
|  35|0x0000000709600000, 0x0000000709600000, 0x0000000709800000|  0%| F|  |TAMS 0x0000000709600000| PB 0x0000000709600000| Untracked |  0
|  36|0x0000000709800000, 0x0000000709800000, 0x0000000709a00000|  0%| F|  |TAMS 0x0000000709800000| PB 0x0000000709800000| Untracked |  0
|  37|0x0000000709a00000, 0x0000000709a00000, 0x0000000709c00000|  0%| F|  |TAMS 0x0000000709a00000| PB 0x0000000709a00000| Untracked |  0
|  38|0x0000000709c00000, 0x0000000709c00000, 0x0000000709e00000|  0%| F|  |TAMS 0x0000000709c00000| PB 0x0000000709c00000| Untracked |  0
|  39|0x0000000709e00000, 0x0000000709e00000, 0x000000070a000000|  0%| F|  |TAMS 0x0000000709e00000| PB 0x0000000709e00000| Untracked |  0
|  40|0x000000070a000000, 0x000000070a000000, 0x000000070a200000|  0%| F|  |TAMS 0x000000070a000000| PB 0x000000070a000000| Untracked |  0
|  41|0x000000070a200000, 0x000000070a200000, 0x000000070a400000|  0%| F|  |TAMS 0x000000070a200000| PB 0x000000070a200000| Untracked |  0
|  42|0x000000070a400000, 0x000000070a400000, 0x000000070a600000|  0%| F|  |TAMS 0x000000070a400000| PB 0x000000070a400000| Untracked |  0
|  43|0x000000070a600000, 0x000000070a600000, 0x000000070a800000|  0%| F|  |TAMS 0x000000070a600000| PB 0x000000070a600000| Untracked |  0
|  44|0x000000070a800000, 0x000000070a800000, 0x000000070aa00000|  0%| F|  |TAMS 0x000000070a800000| PB 0x000000070a800000| Untracked |  0
|  45|0x000000070aa00000, 0x000000070aa00000, 0x000000070ac00000|  0%| F|  |TAMS 0x000000070aa00000| PB 0x000000070aa00000| Untracked |  0
|  46|0x000000070ac00000, 0x000000070ac00000, 0x000000070ae00000|  0%| F|  |TAMS 0x000000070ac00000| PB 0x000000070ac00000| Untracked |  0
|  47|0x000000070ae00000, 0x000000070ae00000, 0x000000070b000000|  0%| F|  |TAMS 0x000000070ae00000| PB 0x000000070ae00000| Untracked |  0
|  48|0x000000070b000000, 0x000000070b000000, 0x000000070b200000|  0%| F|  |TAMS 0x000000070b000000| PB 0x000000070b000000| Untracked |  0
|  49|0x000000070b200000, 0x000000070b200000, 0x000000070b400000|  0%| F|  |TAMS 0x000000070b200000| PB 0x000000070b200000| Untracked |  0
|  50|0x000000070b400000, 0x000000070b400000, 0x000000070b600000|  0%| F|  |TAMS 0x000000070b400000| PB 0x000000070b400000| Untracked |  0
|  51|0x000000070b600000, 0x000000070b600000, 0x000000070b800000|  0%| F|  |TAMS 0x000000070b600000| PB 0x000000070b600000| Untracked |  0
|  52|0x000000070b800000, 0x000000070b800000, 0x000000070ba00000|  0%| F|  |TAMS 0x000000070b800000| PB 0x000000070b800000| Untracked |  0
|  53|0x000000070ba00000, 0x000000070ba00000, 0x000000070bc00000|  0%| F|  |TAMS 0x000000070ba00000| PB 0x000000070ba00000| Untracked |  0
|  54|0x000000070bc00000, 0x000000070bc00000, 0x000000070be00000|  0%| F|  |TAMS 0x000000070bc00000| PB 0x000000070bc00000| Untracked |  0
|  55|0x000000070be00000, 0x000000070be00000, 0x000000070c000000|  0%| F|  |TAMS 0x000000070be00000| PB 0x000000070be00000| Untracked |  0
|  56|0x000000070c000000, 0x000000070c000000, 0x000000070c200000|  0%| F|  |TAMS 0x000000070c000000| PB 0x000000070c000000| Untracked |  0
|  57|0x000000070c200000, 0x000000070c200000, 0x000000070c400000|  0%| F|  |TAMS 0x000000070c200000| PB 0x000000070c200000| Untracked |  0
|  58|0x000000070c400000, 0x000000070c400000, 0x000000070c600000|  0%| F|  |TAMS 0x000000070c400000| PB 0x000000070c400000| Untracked |  0
|  59|0x000000070c600000, 0x000000070c600000, 0x000000070c800000|  0%| F|  |TAMS 0x000000070c600000| PB 0x000000070c600000| Untracked |  0
|  60|0x000000070c800000, 0x000000070c800000, 0x000000070ca00000|  0%| F|  |TAMS 0x000000070c800000| PB 0x000000070c800000| Untracked |  0
|  61|0x000000070ca00000, 0x000000070ca00000, 0x000000070cc00000|  0%| F|  |TAMS 0x000000070ca00000| PB 0x000000070ca00000| Untracked |  0
|  62|0x000000070cc00000, 0x000000070cc00000, 0x000000070ce00000|  0%| F|  |TAMS 0x000000070cc00000| PB 0x000000070cc00000| Untracked |  0
|  63|0x000000070ce00000, 0x000000070ce00000, 0x000000070d000000|  0%| F|  |TAMS 0x000000070ce00000| PB 0x000000070ce00000| Untracked |  0
|  64|0x000000070d000000, 0x000000070d000000, 0x000000070d200000|  0%| F|  |TAMS 0x000000070d000000| PB 0x000000070d000000| Untracked |  0
|  65|0x000000070d200000, 0x000000070d200000, 0x000000070d400000|  0%| F|  |TAMS 0x000000070d200000| PB 0x000000070d200000| Untracked |  0
|  66|0x000000070d400000, 0x000000070d400000, 0x000000070d600000|  0%| F|  |TAMS 0x000000070d400000| PB 0x000000070d400000| Untracked |  0
|  67|0x000000070d600000, 0x000000070d600000, 0x000000070d800000|  0%| F|  |TAMS 0x000000070d600000| PB 0x000000070d600000| Untracked |  0
|  68|0x000000070d800000, 0x000000070d800000, 0x000000070da00000|  0%| F|  |TAMS 0x000000070d800000| PB 0x000000070d800000| Untracked |  0
|  69|0x000000070da00000, 0x000000070da00000, 0x000000070dc00000|  0%| F|  |TAMS 0x000000070da00000| PB 0x000000070da00000| Untracked |  0
|  70|0x000000070dc00000, 0x000000070dc00000, 0x000000070de00000|  0%| F|  |TAMS 0x000000070dc00000| PB 0x000000070dc00000| Untracked |  0
|  71|0x000000070de00000, 0x000000070de00000, 0x000000070e000000|  0%| F|  |TAMS 0x000000070de00000| PB 0x000000070de00000| Untracked |  0
|  72|0x000000070e000000, 0x000000070e000000, 0x000000070e200000|  0%| F|  |TAMS 0x000000070e000000| PB 0x000000070e000000| Untracked |  0
|  73|0x000000070e200000, 0x000000070e200000, 0x000000070e400000|  0%| F|  |TAMS 0x000000070e200000| PB 0x000000070e200000| Untracked |  0
|  74|0x000000070e400000, 0x000000070e400000, 0x000000070e600000|  0%| F|  |TAMS 0x000000070e400000| PB 0x000000070e400000| Untracked |  0
|  75|0x000000070e600000, 0x000000070e600000, 0x000000070e800000|  0%| F|  |TAMS 0x000000070e600000| PB 0x000000070e600000| Untracked |  0
|  76|0x000000070e800000, 0x000000070e800000, 0x000000070ea00000|  0%| F|  |TAMS 0x000000070e800000| PB 0x000000070e800000| Untracked |  0
|  77|0x000000070ea00000, 0x000000070ea00000, 0x000000070ec00000|  0%| F|  |TAMS 0x000000070ea00000| PB 0x000000070ea00000| Untracked |  0
|  78|0x000000070ec00000, 0x000000070ec00000, 0x000000070ee00000|  0%| F|  |TAMS 0x000000070ec00000| PB 0x000000070ec00000| Untracked |  0
|  79|0x000000070ee00000, 0x000000070ee00000, 0x000000070f000000|  0%| F|  |TAMS 0x000000070ee00000| PB 0x000000070ee00000| Untracked |  0
|  80|0x000000070f000000, 0x000000070f000000, 0x000000070f200000|  0%| F|  |TAMS 0x000000070f000000| PB 0x000000070f000000| Untracked |  0
|  81|0x000000070f200000, 0x000000070f200000, 0x000000070f400000|  0%| F|  |TAMS 0x000000070f200000| PB 0x000000070f200000| Untracked |  0
|  82|0x000000070f400000, 0x000000070f400000, 0x000000070f600000|  0%| F|  |TAMS 0x000000070f400000| PB 0x000000070f400000| Untracked |  0
|  83|0x000000070f600000, 0x000000070f600000, 0x000000070f800000|  0%| F|  |TAMS 0x000000070f600000| PB 0x000000070f600000| Untracked |  0
|  84|0x000000070f800000, 0x000000070f800000, 0x000000070fa00000|  0%| F|  |TAMS 0x000000070f800000| PB 0x000000070f800000| Untracked |  0
|  85|0x000000070fa00000, 0x000000070fa00000, 0x000000070fc00000|  0%| F|  |TAMS 0x000000070fa00000| PB 0x000000070fa00000| Untracked |  0
|  86|0x000000070fc00000, 0x000000070fc00000, 0x000000070fe00000|  0%| F|  |TAMS 0x000000070fc00000| PB 0x000000070fc00000| Untracked |  0
|  87|0x000000070fe00000, 0x000000070fe00000, 0x0000000710000000|  0%| F|  |TAMS 0x000000070fe00000| PB 0x000000070fe00000| Untracked |  0
|  88|0x0000000710000000, 0x0000000710000000, 0x0000000710200000|  0%| F|  |TAMS 0x0000000710000000| PB 0x0000000710000000| Untracked |  0
|  89|0x0000000710200000, 0x0000000710200000, 0x0000000710400000|  0%| F|  |TAMS 0x0000000710200000| PB 0x0000000710200000| Untracked |  0
|  90|0x0000000710400000, 0x00000007104a7220, 0x0000000710600000| 32%| S|CS|TAMS 0x0000000710400000| PB 0x0000000710400000| Complete |  0
|  91|0x0000000710600000, 0x0000000710800000, 0x0000000710800000|100%| S|CS|TAMS 0x0000000710600000| PB 0x0000000710600000| Complete |  1
|  92|0x0000000710800000, 0x0000000710a00000, 0x0000000710a00000|100%| S|CS|TAMS 0x0000000710800000| PB 0x0000000710800000| Complete |  0
|  93|0x0000000710a00000, 0x0000000710c00000, 0x0000000710c00000|100%| S|CS|TAMS 0x0000000710a00000| PB 0x0000000710a00000| Complete |  0
|  94|0x0000000710c00000, 0x0000000710c00000, 0x0000000710e00000|  0%| F|  |TAMS 0x0000000710c00000| PB 0x0000000710c00000| Untracked |  0
|  95|0x0000000710e00000, 0x0000000710e00000, 0x0000000711000000|  0%| F|  |TAMS 0x0000000710e00000| PB 0x0000000710e00000| Untracked |  0
|  96|0x0000000711000000, 0x0000000711000000, 0x0000000711200000|  0%| F|  |TAMS 0x0000000711000000| PB 0x0000000711000000| Untracked |  0
|  97|0x0000000711200000, 0x00000007113576b0, 0x0000000711400000| 67%| E|  |TAMS 0x0000000711200000| PB 0x0000000711200000| Complete |  0
|  98|0x0000000711400000, 0x0000000711600000, 0x0000000711600000|100%| E|CS|TAMS 0x0000000711400000| PB 0x0000000711400000| Complete |  0
|  99|0x0000000711600000, 0x0000000711800000, 0x0000000711800000|100%| E|CS|TAMS 0x0000000711600000| PB 0x0000000711600000| Complete |  0
| 100|0x0000000711800000, 0x0000000711a00000, 0x0000000711a00000|100%| E|CS|TAMS 0x0000000711800000| PB 0x0000000711800000| Complete |  0
| 101|0x0000000711a00000, 0x0000000711c00000, 0x0000000711c00000|100%| E|CS|TAMS 0x0000000711a00000| PB 0x0000000711a00000| Complete |  0
| 102|0x0000000711c00000, 0x0000000711e00000, 0x0000000711e00000|100%| E|CS|TAMS 0x0000000711c00000| PB 0x0000000711c00000| Complete |  0
| 103|0x0000000711e00000, 0x0000000712000000, 0x0000000712000000|100%| E|CS|TAMS 0x0000000711e00000| PB 0x0000000711e00000| Complete |  0
| 104|0x0000000712000000, 0x0000000712200000, 0x0000000712200000|100%| E|CS|TAMS 0x0000000712000000| PB 0x0000000712000000| Complete |  0
| 105|0x0000000712200000, 0x0000000712400000, 0x0000000712400000|100%| E|  |TAMS 0x0000000712200000| PB 0x0000000712200000| Complete |  0
| 106|0x0000000712400000, 0x0000000712600000, 0x0000000712600000|100%| E|CS|TAMS 0x0000000712400000| PB 0x0000000712400000| Complete |  0
| 107|0x0000000712600000, 0x0000000712800000, 0x0000000712800000|100%| E|CS|TAMS 0x0000000712600000| PB 0x0000000712600000| Complete |  0
| 108|0x0000000712800000, 0x0000000712a00000, 0x0000000712a00000|100%| E|CS|TAMS 0x0000000712800000| PB 0x0000000712800000| Complete |  0
| 109|0x0000000712a00000, 0x0000000712c00000, 0x0000000712c00000|100%| E|CS|TAMS 0x0000000712a00000| PB 0x0000000712a00000| Complete |  0
| 110|0x0000000712c00000, 0x0000000712e00000, 0x0000000712e00000|100%| E|CS|TAMS 0x0000000712c00000| PB 0x0000000712c00000| Complete |  0
| 111|0x0000000712e00000, 0x0000000713000000, 0x0000000713000000|100%| E|CS|TAMS 0x0000000712e00000| PB 0x0000000712e00000| Complete |  0
| 112|0x0000000713000000, 0x0000000713200000, 0x0000000713200000|100%| E|CS|TAMS 0x0000000713000000| PB 0x0000000713000000| Complete |  0
| 113|0x0000000713200000, 0x0000000713400000, 0x0000000713400000|100%| E|CS|TAMS 0x0000000713200000| PB 0x0000000713200000| Complete |  0
| 114|0x0000000713400000, 0x0000000713600000, 0x0000000713600000|100%| E|CS|TAMS 0x0000000713400000| PB 0x0000000713400000| Complete |  0
| 115|0x0000000713600000, 0x0000000713800000, 0x0000000713800000|100%| E|CS|TAMS 0x0000000713600000| PB 0x0000000713600000| Complete |  0
| 116|0x0000000713800000, 0x0000000713a00000, 0x0000000713a00000|100%| E|CS|TAMS 0x0000000713800000| PB 0x0000000713800000| Complete |  0
| 117|0x0000000713a00000, 0x0000000713c00000, 0x0000000713c00000|100%| E|CS|TAMS 0x0000000713a00000| PB 0x0000000713a00000| Complete |  0
| 118|0x0000000713c00000, 0x0000000713e00000, 0x0000000713e00000|100%| E|CS|TAMS 0x0000000713c00000| PB 0x0000000713c00000| Complete |  0
| 119|0x0000000713e00000, 0x0000000714000000, 0x0000000714000000|100%| E|CS|TAMS 0x0000000713e00000| PB 0x0000000713e00000| Complete |  0
| 120|0x0000000714000000, 0x0000000714200000, 0x0000000714200000|100%| E|CS|TAMS 0x0000000714000000| PB 0x0000000714000000| Complete |  0
| 121|0x0000000714200000, 0x0000000714400000, 0x0000000714400000|100%| E|CS|TAMS 0x0000000714200000| PB 0x0000000714200000| Complete |  0
| 122|0x0000000714400000, 0x0000000714600000, 0x0000000714600000|100%| E|CS|TAMS 0x0000000714400000| PB 0x0000000714400000| Complete |  0
| 123|0x0000000714600000, 0x0000000714800000, 0x0000000714800000|100%| E|CS|TAMS 0x0000000714600000| PB 0x0000000714600000| Complete |  0
| 124|0x0000000714800000, 0x0000000714a00000, 0x0000000714a00000|100%| E|CS|TAMS 0x0000000714800000| PB 0x0000000714800000| Complete |  0
| 125|0x0000000714a00000, 0x0000000714c00000, 0x0000000714c00000|100%| E|CS|TAMS 0x0000000714a00000| PB 0x0000000714a00000| Complete |  0

Card table byte_map: [0x0000029ff5860000,0x0000029ff6040000] _byte_map_base: 0x0000029ff2038000

Marking Bits: (CMBitMap*) 0x0000029febc77150
 Bits: [0x0000029ff6040000, 0x0000029ff9f00000)

Polling page: 0x0000029fea330000

Metaspace:

Usage:
  Non-class:     17.09 MB used.
      Class:      2.88 MB used.
       Both:     19.97 MB used.

Virtual space:
  Non-class space:       64.00 MB reserved,      17.31 MB ( 27%) committed,  1 nodes.
      Class space:        1.00 GB reserved,       3.00 MB ( <1%) committed,  1 nodes.
             Both:        1.06 GB reserved,      20.31 MB (  2%) committed. 

Chunk freelists:
   Non-Class:  14.28 MB
       Class:  12.83 MB
        Both:  27.11 MB

MaxMetaspaceSize: unlimited
CompressedClassSpaceSize: 1.00 GB
Initial GC threshold: 21.00 MB
Current GC threshold: 21.00 MB
CDS: on
 - commit_granule_bytes: 65536.
 - commit_granule_words: 8192.
 - virtual_space_node_default_size: 8388608.
 - enlarge_chunks_in_place: 1.
 - use_allocation_guard: 0.


Internal statistics:

num_allocs_failed_limit: 0.
num_arena_births: 398.
num_arena_deaths: 0.
num_vsnodes_births: 2.
num_vsnodes_deaths: 0.
num_space_committed: 325.
num_space_uncommitted: 0.
num_chunks_returned_to_freelist: 0.
num_chunks_taken_from_freelist: 1004.
num_chunk_merges: 0.
num_chunk_splits: 681.
num_chunks_enlarged: 498.
num_inconsistent_stats: 0.

CodeHeap 'non-profiled nmethods': size=120064Kb used=1689Kb max_used=1689Kb free=118374Kb
 bounds [0x0000029f87ac0000, 0x0000029f87d30000, 0x0000029f8f000000]
CodeHeap 'profiled nmethods': size=120000Kb used=6030Kb max_used=6030Kb free=113970Kb
 bounds [0x0000029f80000000, 0x0000029f805f0000, 0x0000029f87530000]
CodeHeap 'non-nmethods': size=5696Kb used=1883Kb max_used=1918Kb free=3812Kb
 bounds [0x0000029f87530000, 0x0000029f877a0000, 0x0000029f87ac0000]
CodeCache: size=245760Kb, used=9602Kb, max_used=9637Kb, free=236156Kb
 total_blobs=4841, nmethods=3987, adapters=758, full_count=0
Compilation: enabled, stopped_count=0, restarted_count=0

Compilation events (20 events):
Event: 57.889 Thread 0x0000029ffc968fd0 3962       3       java.util.concurrent.locks.AbstractQueuedSynchronizer$ConditionObject::canReacquire (38 bytes)
Event: 57.890 Thread 0x0000029ffc968fd0 nmethod 3962 0x0000029f805da508 code [0x0000029f805da640, 0x0000029f805da988]
Event: 57.921 Thread 0x0000029ffc968fd0 3963       3       java.util.concurrent.locks.AbstractQueuedSynchronizer$ConditionObject::signal (34 bytes)
Event: 57.922 Thread 0x0000029ffc968fd0 nmethod 3963 0x0000029f805daa08 code [0x0000029f805dab60, 0x0000029f805daec0]
Event: 57.952 Thread 0x0000029ffc968fd0 3964       3       java.util.concurrent.locks.LockSupport::setCurrentBlocker (14 bytes)
Event: 57.968 Thread 0x0000029ffc968fd0 nmethod 3964 0x0000029f805daf08 code [0x0000029f805db020, 0x0000029f805db248]
Event: 58.028 Thread 0x0000029ffc968fd0 3967   !   3       com.sun.scenario.animation.shared.AnimationAccessor::getDefault (66 bytes)
Event: 58.028 Thread 0x0000029ffc968fd0 nmethod 3967 0x0000029f805db288 code [0x0000029f805db400, 0x0000029f805db770]
Event: 58.060 Thread 0x0000029ffc968fd0 3968       3       java.util.concurrent.LinkedBlockingDeque::unlinkFirst (74 bytes)
Event: 58.061 Thread 0x0000029ffc968fd0 nmethod 3968 0x0000029f805db808 code [0x0000029f805db9a0, 0x0000029f805dc008]
Event: 58.106 Thread 0x0000029ffc968fd0 3969       1       javafx.scene.Cursor$StandardCursor::getCurrentFrame (5 bytes)
Event: 58.106 Thread 0x0000029ffc968fd0 nmethod 3969 0x0000029f87c65d08 code [0x0000029f87c65e20, 0x0000029f87c65ef0]
Event: 58.122 Thread 0x0000029ffc968fd0 3970       3       com.sun.scenario.animation.AbstractPrimaryTimer::nanos (37 bytes)
Event: 58.122 Thread 0x0000029ffc968fd0 nmethod 3970 0x0000029f805dc088 code [0x0000029f805dc1a0, 0x0000029f805dc390]
Event: 58.122 Thread 0x0000029ffc968fd0 3971       3       com.sun.javafx.tk.Toolkit::runPulse (26 bytes)
Event: 58.138 Thread 0x0000029ffc968fd0 nmethod 3971 0x0000029f805dc408 code [0x0000029f805dc620, 0x0000029f805dd058]
Event: 58.138 Thread 0x0000029ffc968fd0 3972       3       com.sun.javafx.tk.Toolkit$$Lambda/0x0000029f902ffd28::<init> (10 bytes)
Event: 58.139 Thread 0x0000029ffc968fd0 nmethod 3972 0x0000029f805dd108 code [0x0000029f805dd220, 0x0000029f805dd3e0]
Event: 58.139 Thread 0x0000029ffc968fd0 3973       1       javafx.scene.Scene::isFocusDirty (5 bytes)
Event: 58.139 Thread 0x0000029ffc968fd0 nmethod 3973 0x0000029f87c66008 code [0x0000029f87c66120, 0x0000029f87c661f0]

GC Heap History (6 events):
Event: 1.445 GC heap before
{Heap before GC invocations=0 (full 0):
 garbage-first heap   total reserved 4112384K, committed 258048K, used 24576K [0x0000000705000000, 0x0000000800000000)
  region size 2048K, 12 young (24576K), 0 survivors (0K)
 Metaspace       used 4993K, committed 5248K, reserved 1114112K
  class space    used 513K, committed 640K, reserved 1048576K
}
Event: 1.450 GC heap after
{Heap after GC invocations=1 (full 0):
 garbage-first heap   total reserved 4112384K, committed 258048K, used 2431K [0x0000000705000000, 0x0000000800000000)
  region size 2048K, 2 young (4096K), 2 survivors (4096K)
 Metaspace       used 4993K, committed 5248K, reserved 1114112K
  class space    used 513K, committed 640K, reserved 1048576K
}
Event: 4.353 GC heap before
{Heap before GC invocations=1 (full 0):
 garbage-first heap   total reserved 4112384K, committed 258048K, used 24959K [0x0000000705000000, 0x0000000800000000)
  region size 2048K, 14 young (28672K), 2 survivors (4096K)
 Metaspace       used 7767K, committed 8000K, reserved 1114112K
  class space    used 890K, committed 1024K, reserved 1048576K
}
Event: 4.359 GC heap after
{Heap after GC invocations=2 (full 0):
 garbage-first heap   total reserved 4112384K, committed 258048K, used 4646K [0x0000000705000000, 0x0000000800000000)
  region size 2048K, 2 young (4096K), 2 survivors (4096K)
 Metaspace       used 7767K, committed 8000K, reserved 1114112K
  class space    used 890K, committed 1024K, reserved 1048576K
}
Event: 54.493 GC heap before
{Heap before GC invocations=2 (full 0):
 garbage-first heap   total reserved 4112384K, committed 258048K, used 125478K [0x0000000705000000, 0x0000000800000000)
  region size 2048K, 32 young (65536K), 2 survivors (4096K)
 Metaspace       used 14647K, committed 15040K, reserved 1114112K
  class space    used 1933K, committed 2112K, reserved 1048576K
}
Event: 54.500 GC heap after
{Heap after GC invocations=3 (full 0):
 garbage-first heap   total reserved 4112384K, committed 258048K, used 52174K [0x0000000705000000, 0x0000000800000000)
  region size 2048K, 4 young (8192K), 4 survivors (8192K)
 Metaspace       used 14647K, committed 15040K, reserved 1114112K
  class space    used 1933K, committed 2112K, reserved 1048576K
}

Dll operation events (20 events):
Event: 1.083 Loaded shared library C:\Users\loren\Desktop\JavaFXLibraries\openjfx-23.0.1_windows-x64_bin-sdk\javafx-sdk-23.0.1\bin\api-ms-win-crt-locale-l1-1-0.dll
Event: 1.088 Loaded shared library C:\Users\loren\Desktop\JavaFXLibraries\openjfx-23.0.1_windows-x64_bin-sdk\javafx-sdk-23.0.1\bin\api-ms-win-crt-math-l1-1-0.dll
Event: 1.092 Loaded shared library C:\Users\loren\Desktop\JavaFXLibraries\openjfx-23.0.1_windows-x64_bin-sdk\javafx-sdk-23.0.1\bin\api-ms-win-crt-multibyte-l1-1-0.dll
Event: 1.096 Loaded shared library C:\Users\loren\Desktop\JavaFXLibraries\openjfx-23.0.1_windows-x64_bin-sdk\javafx-sdk-23.0.1\bin\api-ms-win-crt-private-l1-1-0.dll
Event: 1.100 Loaded shared library C:\Users\loren\Desktop\JavaFXLibraries\openjfx-23.0.1_windows-x64_bin-sdk\javafx-sdk-23.0.1\bin\api-ms-win-crt-process-l1-1-0.dll
Event: 1.104 Loaded shared library C:\Users\loren\Desktop\JavaFXLibraries\openjfx-23.0.1_windows-x64_bin-sdk\javafx-sdk-23.0.1\bin\api-ms-win-crt-runtime-l1-1-0.dll
Event: 1.108 Loaded shared library C:\Users\loren\Desktop\JavaFXLibraries\openjfx-23.0.1_windows-x64_bin-sdk\javafx-sdk-23.0.1\bin\api-ms-win-crt-stdio-l1-1-0.dll
Event: 1.113 Loaded shared library C:\Users\loren\Desktop\JavaFXLibraries\openjfx-23.0.1_windows-x64_bin-sdk\javafx-sdk-23.0.1\bin\api-ms-win-crt-string-l1-1-0.dll
Event: 1.117 Loaded shared library C:\Users\loren\Desktop\JavaFXLibraries\openjfx-23.0.1_windows-x64_bin-sdk\javafx-sdk-23.0.1\bin\api-ms-win-crt-time-l1-1-0.dll
Event: 1.122 Loaded shared library C:\Users\loren\Desktop\JavaFXLibraries\openjfx-23.0.1_windows-x64_bin-sdk\javafx-sdk-23.0.1\bin\api-ms-win-crt-utility-l1-1-0.dll
Event: 1.125 Loaded shared library C:\Users\loren\Desktop\JavaFXLibraries\openjfx-23.0.1_windows-x64_bin-sdk\javafx-sdk-23.0.1\bin\ucrtbase.dll
Event: 1.128 Loaded shared library C:\Users\loren\Desktop\JavaFXLibraries\openjfx-23.0.1_windows-x64_bin-sdk\javafx-sdk-23.0.1\bin\vcruntime140.dll
Event: 1.132 Loaded shared library C:\Users\loren\Desktop\JavaFXLibraries\openjfx-23.0.1_windows-x64_bin-sdk\javafx-sdk-23.0.1\bin\vcruntime140_1.dll
Event: 1.136 Loaded shared library C:\Users\loren\Desktop\JavaFXLibraries\openjfx-23.0.1_windows-x64_bin-sdk\javafx-sdk-23.0.1\bin\msvcp140.dll
Event: 1.140 Loaded shared library C:\Users\loren\Desktop\JavaFXLibraries\openjfx-23.0.1_windows-x64_bin-sdk\javafx-sdk-23.0.1\bin\msvcp140_1.dll
Event: 1.143 Loaded shared library C:\Users\loren\Desktop\JavaFXLibraries\openjfx-23.0.1_windows-x64_bin-sdk\javafx-sdk-23.0.1\bin\msvcp140_2.dll
Event: 1.236 Loaded shared library C:\Users\loren\Desktop\JavaFXLibraries\openjfx-23.0.1_windows-x64_bin-sdk\javafx-sdk-23.0.1\bin\prism_d3d.dll
Event: 1.551 Loaded shared library C:\Users\loren\Desktop\JavaFXLibraries\openjfx-23.0.1_windows-x64_bin-sdk\javafx-sdk-23.0.1\bin\glass.dll
Event: 4.967 Loaded shared library C:\Users\loren\Desktop\JavaFXLibraries\openjfx-23.0.1_windows-x64_bin-sdk\javafx-sdk-23.0.1\bin\javafx_font.dll
Event: 5.589 Loaded shared library C:\Users\loren\Desktop\JavaFXLibraries\openjfx-23.0.1_windows-x64_bin-sdk\javafx-sdk-23.0.1\bin\javafx_iio.dll

Deoptimization events (20 events):
Event: 55.822 Thread 0x0000029fd50c4d30 Uncommon trap: trap_request=0xffffffc6 fr.pc=0x0000029f87c32644 relative=0x00000000000000a4
Event: 55.822 Thread 0x0000029fd50c4d30 Uncommon trap: reason=bimorphic_or_optimized_type_check action=maybe_recompile pc=0x0000029f87c32644 method=javafx.beans.property.BooleanPropertyBase.get()Z @ 23 c2
Event: 55.822 Thread 0x0000029fd50c4d30 DEOPT PACKING pc=0x0000029f87c32644 sp=0x000000de325fdd10
Event: 55.822 Thread 0x0000029fd50c4d30 DEOPT UNPACKING pc=0x0000029f87584402 sp=0x000000de325fdcb0 mode 2
Event: 55.822 Thread 0x0000029fd50c4d30 Uncommon trap: trap_request=0xffffffc6 fr.pc=0x0000029f87c32644 relative=0x00000000000000a4
Event: 55.822 Thread 0x0000029fd50c4d30 Uncommon trap: reason=bimorphic_or_optimized_type_check action=maybe_recompile pc=0x0000029f87c32644 method=javafx.beans.property.BooleanPropertyBase.get()Z @ 23 c2
Event: 55.822 Thread 0x0000029fd50c4d30 DEOPT PACKING pc=0x0000029f87c32644 sp=0x000000de325fdd10
Event: 55.822 Thread 0x0000029fd50c4d30 DEOPT UNPACKING pc=0x0000029f87584402 sp=0x000000de325fdcb0 mode 2
Event: 55.822 Thread 0x0000029fd50c4d30 Uncommon trap: trap_request=0xffffffc6 fr.pc=0x0000029f87c32644 relative=0x00000000000000a4
Event: 55.822 Thread 0x0000029fd50c4d30 Uncommon trap: reason=bimorphic_or_optimized_type_check action=maybe_recompile pc=0x0000029f87c32644 method=javafx.beans.property.BooleanPropertyBase.get()Z @ 23 c2
Event: 55.822 Thread 0x0000029fd50c4d30 DEOPT PACKING pc=0x0000029f87c32644 sp=0x000000de325fdd10
Event: 55.822 Thread 0x0000029fd50c4d30 DEOPT UNPACKING pc=0x0000029f87584402 sp=0x000000de325fdcb0 mode 2
Event: 55.828 Thread 0x0000029fd50c4d30 DEOPT PACKING pc=0x0000029f80247d41 sp=0x000000de325f9100
Event: 55.828 Thread 0x0000029fd50c4d30 DEOPT UNPACKING pc=0x0000029f87584b22 sp=0x000000de325f8570 mode 0
Event: 56.166 Thread 0x0000029fd47d4e20 DEOPT PACKING pc=0x0000029f80576273 sp=0x000000de315fb320
Event: 56.166 Thread 0x0000029fd47d4e20 DEOPT UNPACKING pc=0x0000029f87584b22 sp=0x000000de315fa7a8 mode 0
Event: 56.298 Thread 0x0000029fd47d4e20 DEOPT PACKING pc=0x0000029f8056fcbe sp=0x000000de315fc5b0
Event: 56.298 Thread 0x0000029fd47d4e20 DEOPT UNPACKING pc=0x0000029f87584b22 sp=0x000000de315fba40 mode 0
Event: 56.306 Thread 0x0000029fd47d4e20 DEOPT PACKING pc=0x0000029f80573faf sp=0x000000de315fcc00
Event: 56.306 Thread 0x0000029fd47d4e20 DEOPT UNPACKING pc=0x0000029f87584b22 sp=0x000000de315fc068 mode 0

Classes loaded (20 events):
Event: 55.860 Loading class java/util/concurrent/ConcurrentLinkedQueue
Event: 55.860 Loading class java/util/concurrent/ConcurrentLinkedQueue done
Event: 55.860 Loading class java/util/concurrent/ConcurrentLinkedQueue$Node
Event: 55.860 Loading class java/util/concurrent/ConcurrentLinkedQueue$Node done
Event: 55.908 Loading class java/lang/FdLibm$Acos
Event: 55.908 Loading class java/lang/FdLibm$Acos done
Event: 55.939 Loading class jdk/internal/ref/CleanerImpl$InnocuousThreadFactory
Event: 55.939 Loading class jdk/internal/ref/CleanerImpl$InnocuousThreadFactory done
Event: 55.950 Loading class sun/misc/Unsafe
Event: 55.955 Loading class sun/misc/Unsafe done
Event: 55.955 Loading class sun/misc/Unsafe$MemoryAccessOption
Event: 55.955 Loading class sun/misc/Unsafe$MemoryAccessOption done
Event: 55.993 Loading class java/nio/ShortBuffer
Event: 55.993 Loading class java/nio/ShortBuffer done
Event: 55.993 Loading class java/nio/DoubleBuffer
Event: 55.993 Loading class java/nio/DoubleBuffer done
Event: 55.993 Loading class java/nio/DirectFloatBufferU
Event: 55.993 Loading class java/nio/DirectFloatBufferU done
Event: 55.997 Loading class java/lang/FdLibm$Atan2
Event: 55.997 Loading class java/lang/FdLibm$Atan2 done

Classes unloaded (0 events):
No events

Classes redefined (0 events):
No events

Internal exceptions (20 events):
Event: 54.437 Thread 0x0000029fd50c4d30 Implicit null exception at 0x0000029f87ae7756 to 0x0000029f87ae77fa
Event: 54.691 Thread 0x0000029fd50c4d30 Implicit null exception at 0x0000029f87bc690f to 0x0000029f87bc6cc0
Event: 54.893 Thread 0x0000029fd50c4d30 Exception <a 'java/lang/ClassNotFoundException'{0x000000071385a7f0}: com/sun/javafx/scene/control/skin/resources/controls> (0x000000071385a7f0) 
thrown [s\open\src\hotspot\share\prims\jni.cpp, line 539]
Event: 54.894 Thread 0x0000029fd50c4d30 Exception <a 'java/lang/ClassNotFoundException'{0x0000000713868cb0}: com/sun/javafx/scene/control/skin/resources/controls_it> (0x0000000713868cb0) 
thrown [s\open\src\hotspot\share\prims\jni.cpp, line 539]
Event: 54.895 Thread 0x0000029fd50c4d30 Exception <a 'java/lang/ClassNotFoundException'{0x0000000713876980}: com/sun/javafx/scene/control/skin/resources/controls_it_IT> (0x0000000713876980) 
thrown [s\open\src\hotspot\share\prims\jni.cpp, line 539]
Event: 54.980 Thread 0x0000029fd50c4d30 Exception <a 'java/lang/NoSuchMethodError'{0x00000007136bf7e8}: 'void java.lang.invoke.DirectMethodHandle$Holder.invokeSpecial(java.lang.Object, java.lang.Object, java.lang.Object, java.lang.Object, java.lang.Object, java.lang.Object)'> (0x00000007136bf7e8) 
thrown [s\open\src\hotspot\share\interpreter\linkResolver.cpp, line 796]
Event: 54.985 Thread 0x0000029fd50c4d30 Exception <a 'java/lang/IncompatibleClassChangeError'{0x00000007136ef968}: Found class java.lang.Object, but interface was expected> (0x00000007136ef968) 
thrown [s\open\src\hotspot\share\interpreter\linkResolver.cpp, line 863]
Event: 55.455 Thread 0x0000029fd50c4d30 Exception <a 'java/lang/NoSuchMethodError'{0x0000000712453350}: 'int java.lang.invoke.DirectMethodHandle$Holder.invokeSpecial(java.lang.Object, java.lang.Object, int)'> (0x0000000712453350) 
thrown [s\open\src\hotspot\share\interpreter\linkResolver.cpp, line 796]
Event: 55.602 Thread 0x0000029fd50c4d30 Exception <a 'java/io/FileNotFoundException'{0x0000000712279058}> (0x0000000712279058) 
thrown [s\open\src\hotspot\share\prims\jni.cpp, line 520]
Event: 55.644 Thread 0x0000029fd50c4d30 Exception <a 'java/io/FileNotFoundException'{0x0000000712338808}> (0x0000000712338808) 
thrown [s\open\src\hotspot\share\prims\jni.cpp, line 520]
Event: 55.645 Thread 0x0000029fd50c4d30 Exception <a 'java/io/FileNotFoundException'{0x0000000712339ba0}> (0x0000000712339ba0) 
thrown [s\open\src\hotspot\share\prims\jni.cpp, line 520]
Event: 55.649 Thread 0x0000029fd50c4d30 Exception <a 'java/io/FileNotFoundException'{0x000000071235a3e8}> (0x000000071235a3e8) 
thrown [s\open\src\hotspot\share\prims\jni.cpp, line 520]
Event: 55.649 Thread 0x0000029fd50c4d30 Exception <a 'java/io/FileNotFoundException'{0x000000071235b780}> (0x000000071235b780) 
thrown [s\open\src\hotspot\share\prims\jni.cpp, line 520]
Event: 55.754 Thread 0x0000029fd50c4d30 Exception <a 'java/lang/NoSuchMethodError'{0x0000000712144c18}: 'java.lang.Object java.lang.invoke.DirectMethodHandle$Holder.newInvokeSpecial(java.lang.Object, java.lang.Object, int)'> (0x0000000712144c18) 
thrown [s\open\src\hotspot\share\interpreter\linkResolver.cpp, line 796]
Event: 55.861 Thread 0x0000029fd47d4e20 Exception <a 'java/lang/NoSuchMethodError'{0x0000000711c4f760}: 'int java.lang.invoke.DirectMethodHandle$Holder.invokeStaticInit(java.lang.Object, java.lang.Object)'> (0x0000000711c4f760) 
thrown [s\open\src\hotspot\share\interpreter\linkResolver.cpp, line 796]
Event: 55.862 Thread 0x0000029fd50c4d30 Exception <a 'java/lang/NoSuchMethodError'{0x0000000711c935f8}: 'long java.lang.invoke.DirectMethodHandle$Holder.invokeStatic(java.lang.Object, java.lang.Object, java.lang.Object)'> (0x0000000711c935f8) 
thrown [s\open\src\hotspot\share\interpreter\linkResolver.cpp, line 796]
Event: 55.862 Thread 0x0000029fd50c4d30 Exception <a 'java/lang/NoSuchMethodError'{0x0000000711c96a10}: 'long java.lang.invoke.DirectMethodHandle$Holder.invokeStaticInit(java.lang.Object, java.lang.Object, java.lang.Object)'> (0x0000000711c96a10) 
thrown [s\open\src\hotspot\share\interpreter\linkResolver.cpp, line 796]
Event: 55.869 Thread 0x0000029fd50c4d30 Exception <a 'java/lang/NoSuchMethodError'{0x0000000711cb17a8}: 'java.lang.Object java.lang.invoke.DirectMethodHandle$Holder.newInvokeSpecial(java.lang.Object, java.lang.Object, long)'> (0x0000000711cb17a8) 
thrown [s\open\src\hotspot\share\interpreter\linkResolver.cpp, line 796]
Event: 55.869 Thread 0x0000029fd50c4d30 Exception <a 'java/lang/NoSuchMethodError'{0x0000000711cb50f8}: 'java.lang.Object java.lang.invoke.Invokers$Holder.linkToTargetMethod(java.lang.Object, long, java.lang.Object)'> (0x0000000711cb50f8) 
thrown [s\open\src\hotspot\share\interpreter\linkResolver.cpp, line 796]
Event: 56.087 Thread 0x0000029fd47d4e20 Exception <a 'java/lang/NoSuchMethodError'{0x00000007115cfc58}: 'java.lang.Object java.lang.invoke.DirectMethodHandle$Holder.invokeStaticInit(java.lang.Object, int)'> (0x00000007115cfc58) 
thrown [s\open\src\hotspot\share\interpreter\linkResolver.cpp, line 796]

VM Operations (20 events):
Event: 25.382 Executing VM operation: get/set locals
Event: 25.382 Executing VM operation: get/set locals done
Event: 25.524 Executing VM operation: get/set locals
Event: 25.524 Executing VM operation: get/set locals done
Event: 25.554 Executing VM operation: get/set locals
Event: 25.554 Executing VM operation: get/set locals done
Event: 25.556 Executing VM operation: get/set locals
Event: 25.556 Executing VM operation: get/set locals done
Event: 25.557 Executing VM operation: get/set locals
Event: 25.557 Executing VM operation: get/set locals done
Event: 54.391 Executing VM operation: HandshakeAllThreads (Deoptimize)
Event: 54.391 Executing VM operation: HandshakeAllThreads (Deoptimize) done
Event: 54.493 Executing VM operation: G1CollectForAllocation (G1 Evacuation Pause)
Event: 54.501 Executing VM operation: G1CollectForAllocation (G1 Evacuation Pause) done
Event: 54.703 Executing VM operation: HandshakeAllThreads (Deoptimize)
Event: 54.704 Executing VM operation: HandshakeAllThreads (Deoptimize) done
Event: 54.704 Executing VM operation: HandshakeAllThreads (Deoptimize)
Event: 54.704 Executing VM operation: HandshakeAllThreads (Deoptimize) done
Event: 54.977 Executing VM operation: HandshakeAllThreads (Deoptimize)
Event: 54.977 Executing VM operation: HandshakeAllThreads (Deoptimize) done

Memory protections (0 events):
No events

Nmethod flushes (0 events):
No events

Events (20 events):
Event: 0.563 Thread 0x0000029fd4178db0 Thread exited: 0x0000029fd4178db0
Event: 0.563 Thread 0x0000029fd41d5410 Thread exited: 0x0000029fd41d5410
Event: 0.758 Thread 0x0000029ffc963310 Thread added: 0x0000029fd4b17530
Event: 0.768 Thread 0x0000029febc10770 Thread added: 0x0000029fd4b1b060
Event: 1.140 Thread 0x0000029fd4b17530 Thread exited: 0x0000029fd4b17530
Event: 1.223 Thread 0x0000029febc10770 Thread added: 0x0000029fd47d4e20
Event: 1.555 Thread 0x0000029febc10770 Thread added: 0x0000029fd4b39670
Event: 1.562 Thread 0x0000029febc10770 Thread added: 0x0000029fd50c4d30
Event: 1.947 Thread 0x0000029fd5565d70 Thread added: 0x0000029fd5565d70
Event: 4.159 Thread 0x0000029febc10770 Thread added: 0x0000029fd44e7f80
Event: 4.214 Thread 0x0000029ffc968fd0 Thread added: 0x0000029fd5747150
Event: 4.262 Thread 0x0000029ffc968fd0 Thread added: 0x0000029fd599fdc0
Event: 6.283 Thread 0x0000029fd599fdc0 Thread exited: 0x0000029fd599fdc0
Event: 6.283 Thread 0x0000029fd5747150 Thread exited: 0x0000029fd5747150
Event: 54.710 Thread 0x0000029ffc968fd0 Thread added: 0x0000029fddb14000
Event: 54.886 Thread 0x0000029ffc968fd0 Thread added: 0x0000029fde7ff650
Event: 55.029 Thread 0x0000029fd50c4d30 Thread added: 0x0000029fd56f0c40
Event: 55.940 Thread 0x0000029fd47d4e20 Thread added: 0x0000029fd56f1ff0
Event: 56.157 Thread 0x0000029fde7ff650 Thread exited: 0x0000029fde7ff650
Event: 56.176 Thread 0x0000029fddb14000 Thread exited: 0x0000029fddb14000


Dynamic libraries:
0x00007ff781630000 - 0x00007ff781640000 	C:\Program Files\Java\jdk-23\bin\javaw.exe
0x00007ffca3900000 - 0x00007ffca3b68000 	C:\WINDOWS\SYSTEM32\ntdll.dll
0x00007ffca2760000 - 0x00007ffca2829000 	C:\WINDOWS\System32\KERNEL32.DLL
0x00007ffca12a0000 - 0x00007ffca1698000 	C:\WINDOWS\System32\KERNELBASE.dll
0x00007ffca0c80000 - 0x00007ffca0dcb000 	C:\WINDOWS\System32\ucrtbase.dll
0x00007ffc28f40000 - 0x00007ffc28f5b000 	C:\Program Files\Java\jdk-23\bin\VCRUNTIME140.dll
0x00007ffc28f20000 - 0x00007ffc28f37000 	C:\Program Files\Java\jdk-23\bin\jli.dll
0x00007ffca3540000 - 0x00007ffca3707000 	C:\WINDOWS\System32\USER32.dll
0x00007ffca1070000 - 0x00007ffca1097000 	C:\WINDOWS\System32\win32u.dll
0x00007ffc8d6b0000 - 0x00007ffc8d944000 	C:\WINDOWS\WinSxS\amd64_microsoft.windows.common-controls_6595b64144ccf1df_6.0.26100.7019_none_3e06ffa0e335b8a8\COMCTL32.dll
0x00007ffca22e0000 - 0x00007ffca2389000 	C:\WINDOWS\System32\msvcrt.dll
0x00007ffca2ce0000 - 0x00007ffca2d0b000 	C:\WINDOWS\System32\GDI32.dll
0x00007ffca0dd0000 - 0x00007ffca0efc000 	C:\WINDOWS\System32\gdi32full.dll
0x00007ffca1160000 - 0x00007ffca1203000 	C:\WINDOWS\System32\msvcp_win.dll
0x00007ffca3480000 - 0x00007ffca34b1000 	C:\WINDOWS\System32\IMM32.DLL
0x00007ffc5aee0000 - 0x00007ffc5aeec000 	C:\Program Files\Java\jdk-23\bin\vcruntime140_1.dll
0x00007ffc28e90000 - 0x00007ffc28f1e000 	C:\Program Files\Java\jdk-23\bin\msvcp140.dll
0x00007ffc28140000 - 0x00007ffc28e8f000 	C:\Program Files\Java\jdk-23\bin\server\jvm.dll
0x00007ffca1840000 - 0x00007ffca18f4000 	C:\WINDOWS\System32\ADVAPI32.dll
0x00007ffca3710000 - 0x00007ffca37b6000 	C:\WINDOWS\System32\sechost.dll
0x00007ffca1980000 - 0x00007ffca1a98000 	C:\WINDOWS\System32\RPCRT4.dll
0x00007ffca34c0000 - 0x00007ffca3534000 	C:\WINDOWS\System32\WS2_32.dll
0x00007ffca08d0000 - 0x00007ffca092e000 	C:\WINDOWS\SYSTEM32\POWRPROF.dll
0x00007ffc997a0000 - 0x00007ffc997d5000 	C:\WINDOWS\SYSTEM32\WINMM.dll
0x00007ffc997e0000 - 0x00007ffc997eb000 	C:\WINDOWS\SYSTEM32\VERSION.dll
0x00007ffca08b0000 - 0x00007ffca08c4000 	C:\WINDOWS\SYSTEM32\UMPDC.dll
0x00007ffc9f7f0000 - 0x00007ffc9f80b000 	C:\WINDOWS\SYSTEM32\kernel.appcore.dll
0x00007ffc52d50000 - 0x00007ffc52d5a000 	C:\Program Files\Java\jdk-23\bin\jimage.dll
0x00007ffc92850000 - 0x00007ffc92a92000 	C:\WINDOWS\SYSTEM32\DBGHELP.DLL
0x00007ffca2f60000 - 0x00007ffca32eb000 	C:\WINDOWS\System32\combase.dll
0x00007ffca2390000 - 0x00007ffca2467000 	C:\WINDOWS\System32\OLEAUT32.dll
0x00007ffc8b910000 - 0x00007ffc8b94c000 	C:\WINDOWS\SYSTEM32\dbgcore.DLL
0x00007ffca0bd0000 - 0x00007ffca0c75000 	C:\WINDOWS\System32\bcryptPrimitives.dll
0x00007ffc86500000 - 0x00007ffc8653c000 	C:\Program Files\Java\jdk-23\bin\jdwp.dll
0x00007ffc9a720000 - 0x00007ffc9a72f000 	C:\Program Files\Java\jdk-23\bin\instrument.dll
0x00007ffc28120000 - 0x00007ffc2813e000 	C:\Program Files\Java\jdk-23\bin\java.dll
0x00007ffca16a0000 - 0x00007ffca1837000 	C:\WINDOWS\System32\ole32.dll
0x00007ffca1aa0000 - 0x00007ffca21ef000 	C:\WINDOWS\System32\SHELL32.dll
0x00007ffca0f00000 - 0x00007ffca106b000 	C:\WINDOWS\System32\wintypes.dll
0x00007ffc9e650000 - 0x00007ffc9eead000 	C:\WINDOWS\SYSTEM32\windows.storage.dll
0x00007ffca32f0000 - 0x00007ffca33e2000 	C:\WINDOWS\System32\SHCORE.dll
0x00007ffca2d10000 - 0x00007ffca2d77000 	C:\WINDOWS\System32\shlwapi.dll
0x00007ffca0970000 - 0x00007ffca0999000 	C:\WINDOWS\SYSTEM32\profapi.dll
0x00007ffc28040000 - 0x00007ffc28117000 	C:\Program Files\Java\jdk-23\bin\jsvml.dll
0x00007ffc69ef0000 - 0x00007ffc69f00000 	C:\Program Files\Java\jdk-23\bin\net.dll
0x00007ffc9fd80000 - 0x00007ffc9fdeb000 	C:\WINDOWS\system32\mswsock.dll
0x00007ffc69ed0000 - 0x00007ffc69ee6000 	C:\Program Files\Java\jdk-23\bin\nio.dll
0x00007ffc69eb0000 - 0x00007ffc69ec7000 	C:\Program Files\Java\jdk-23\bin\zip.dll
0x00007ffc9a710000 - 0x00007ffc9a71c000 	C:\Program Files\Java\jdk-23\bin\dt_socket.dll
0x00007ffc9f1c0000 - 0x00007ffc9f1f4000 	C:\WINDOWS\SYSTEM32\IPHLPAPI.DLL
0x00007ffc9f2c0000 - 0x00007ffc9f3ec000 	C:\WINDOWS\SYSTEM32\DNSAPI.dll
0x00007ffca2cd0000 - 0x00007ffca2cda000 	C:\WINDOWS\System32\NSI.dll
0x00007ffc996c0000 - 0x00007ffc996cb000 	C:\Windows\System32\rasadhlp.dll
0x00007ffc95d10000 - 0x00007ffc95d96000 	C:\WINDOWS\System32\fwpuclnt.dll
0x00007ffc955f0000 - 0x00007ffc95600000 	C:\Program Files\Java\jdk-23\bin\verify.dll
0x0000029fd5f20000 - 0x0000029fd5f23000 	C:\Users\loren\Desktop\JavaFXLibraries\openjfx-23.0.1_windows-x64_bin-sdk\javafx-sdk-23.0.1\bin\api-ms-win-core-console-l1-1-0.dll
0x0000029fd5f30000 - 0x0000029fd5f33000 	C:\Users\loren\Desktop\JavaFXLibraries\openjfx-23.0.1_windows-x64_bin-sdk\javafx-sdk-23.0.1\bin\api-ms-win-core-console-l1-2-0.dll
0x0000029fd5f40000 - 0x0000029fd5f43000 	C:\Users\loren\Desktop\JavaFXLibraries\openjfx-23.0.1_windows-x64_bin-sdk\javafx-sdk-23.0.1\bin\api-ms-win-core-datetime-l1-1-0.dll
0x0000029fd5f50000 - 0x0000029fd5f53000 	C:\Users\loren\Desktop\JavaFXLibraries\openjfx-23.0.1_windows-x64_bin-sdk\javafx-sdk-23.0.1\bin\api-ms-win-core-debug-l1-1-0.dll
0x0000029fd5f60000 - 0x0000029fd5f63000 	C:\Users\loren\Desktop\JavaFXLibraries\openjfx-23.0.1_windows-x64_bin-sdk\javafx-sdk-23.0.1\bin\api-ms-win-core-errorhandling-l1-1-0.dll
0x0000029fd5f70000 - 0x0000029fd5f74000 	C:\Users\loren\Desktop\JavaFXLibraries\openjfx-23.0.1_windows-x64_bin-sdk\javafx-sdk-23.0.1\bin\api-ms-win-core-file-l1-1-0.dll
0x0000029fd5f80000 - 0x0000029fd5f83000 	C:\Users\loren\Desktop\JavaFXLibraries\openjfx-23.0.1_windows-x64_bin-sdk\javafx-sdk-23.0.1\bin\api-ms-win-core-file-l1-2-0.dll
0x0000029fd5f90000 - 0x0000029fd5f93000 	C:\Users\loren\Desktop\JavaFXLibraries\openjfx-23.0.1_windows-x64_bin-sdk\javafx-sdk-23.0.1\bin\api-ms-win-core-file-l2-1-0.dll
0x0000029fd5fa0000 - 0x0000029fd5fa3000 	C:\Users\loren\Desktop\JavaFXLibraries\openjfx-23.0.1_windows-x64_bin-sdk\javafx-sdk-23.0.1\bin\api-ms-win-core-handle-l1-1-0.dll
0x0000029fd5fb0000 - 0x0000029fd5fb3000 	C:\Users\loren\Desktop\JavaFXLibraries\openjfx-23.0.1_windows-x64_bin-sdk\javafx-sdk-23.0.1\bin\api-ms-win-core-heap-l1-1-0.dll
0x0000029fd5fc0000 - 0x0000029fd5fc3000 	C:\Users\loren\Desktop\JavaFXLibraries\openjfx-23.0.1_windows-x64_bin-sdk\javafx-sdk-23.0.1\bin\api-ms-win-core-interlocked-l1-1-0.dll
0x0000029fd5fd0000 - 0x0000029fd5fd3000 	C:\Users\loren\Desktop\JavaFXLibraries\openjfx-23.0.1_windows-x64_bin-sdk\javafx-sdk-23.0.1\bin\api-ms-win-core-libraryloader-l1-1-0.dll
0x0000029fd5fe0000 - 0x0000029fd5fe3000 	C:\Users\loren\Desktop\JavaFXLibraries\openjfx-23.0.1_windows-x64_bin-sdk\javafx-sdk-23.0.1\bin\api-ms-win-core-localization-l1-2-0.dll
0x0000029fd5ff0000 - 0x0000029fd5ff3000 	C:\Users\loren\Desktop\JavaFXLibraries\openjfx-23.0.1_windows-x64_bin-sdk\javafx-sdk-23.0.1\bin\api-ms-win-core-memory-l1-1-0.dll
0x0000029fd6000000 - 0x0000029fd6003000 	C:\Users\loren\Desktop\JavaFXLibraries\openjfx-23.0.1_windows-x64_bin-sdk\javafx-sdk-23.0.1\bin\api-ms-win-core-namedpipe-l1-1-0.dll
0x0000029fd6010000 - 0x0000029fd6013000 	C:\Users\loren\Desktop\JavaFXLibraries\openjfx-23.0.1_windows-x64_bin-sdk\javafx-sdk-23.0.1\bin\api-ms-win-core-processenvironment-l1-1-0.dll
0x0000029fd6020000 - 0x0000029fd6023000 	C:\Users\loren\Desktop\JavaFXLibraries\openjfx-23.0.1_windows-x64_bin-sdk\javafx-sdk-23.0.1\bin\api-ms-win-core-processthreads-l1-1-0.dll
0x0000029fd6030000 - 0x0000029fd6033000 	C:\Users\loren\Desktop\JavaFXLibraries\openjfx-23.0.1_windows-x64_bin-sdk\javafx-sdk-23.0.1\bin\api-ms-win-core-processthreads-l1-1-1.dll
0x0000029fd6040000 - 0x0000029fd6043000 	C:\Users\loren\Desktop\JavaFXLibraries\openjfx-23.0.1_windows-x64_bin-sdk\javafx-sdk-23.0.1\bin\api-ms-win-core-profile-l1-1-0.dll
0x0000029fd6050000 - 0x0000029fd6053000 	C:\Users\loren\Desktop\JavaFXLibraries\openjfx-23.0.1_windows-x64_bin-sdk\javafx-sdk-23.0.1\bin\api-ms-win-core-rtlsupport-l1-1-0.dll
0x0000029fd6060000 - 0x0000029fd6063000 	C:\Users\loren\Desktop\JavaFXLibraries\openjfx-23.0.1_windows-x64_bin-sdk\javafx-sdk-23.0.1\bin\api-ms-win-core-string-l1-1-0.dll
0x0000029fd6070000 - 0x0000029fd6073000 	C:\Users\loren\Desktop\JavaFXLibraries\openjfx-23.0.1_windows-x64_bin-sdk\javafx-sdk-23.0.1\bin\api-ms-win-core-synch-l1-1-0.dll
0x0000029fd6080000 - 0x0000029fd6083000 	C:\Users\loren\Desktop\JavaFXLibraries\openjfx-23.0.1_windows-x64_bin-sdk\javafx-sdk-23.0.1\bin\api-ms-win-core-synch-l1-2-0.dll
0x0000029fd6090000 - 0x0000029fd6093000 	C:\Users\loren\Desktop\JavaFXLibraries\openjfx-23.0.1_windows-x64_bin-sdk\javafx-sdk-23.0.1\bin\api-ms-win-core-sysinfo-l1-1-0.dll
0x0000029fd60a0000 - 0x0000029fd60a3000 	C:\Users\loren\Desktop\JavaFXLibraries\openjfx-23.0.1_windows-x64_bin-sdk\javafx-sdk-23.0.1\bin\api-ms-win-core-timezone-l1-1-0.dll
0x0000029fd60b0000 - 0x0000029fd60b3000 	C:\Users\loren\Desktop\JavaFXLibraries\openjfx-23.0.1_windows-x64_bin-sdk\javafx-sdk-23.0.1\bin\api-ms-win-core-util-l1-1-0.dll
0x0000029fd60c0000 - 0x0000029fd60c3000 	C:\Users\loren\Desktop\JavaFXLibraries\openjfx-23.0.1_windows-x64_bin-sdk\javafx-sdk-23.0.1\bin\api-ms-win-crt-conio-l1-1-0.dll
0x0000029fd60d0000 - 0x0000029fd60d4000 	C:\Users\loren\Desktop\JavaFXLibraries\openjfx-23.0.1_windows-x64_bin-sdk\javafx-sdk-23.0.1\bin\api-ms-win-crt-convert-l1-1-0.dll
0x0000029fd60e0000 - 0x0000029fd60e3000 	C:\Users\loren\Desktop\JavaFXLibraries\openjfx-23.0.1_windows-x64_bin-sdk\javafx-sdk-23.0.1\bin\api-ms-win-crt-environment-l1-1-0.dll
0x0000029fd60f0000 - 0x0000029fd60f3000 	C:\Users\loren\Desktop\JavaFXLibraries\openjfx-23.0.1_windows-x64_bin-sdk\javafx-sdk-23.0.1\bin\api-ms-win-crt-filesystem-l1-1-0.dll
0x0000029fd6100000 - 0x0000029fd6103000 	C:\Users\loren\Desktop\JavaFXLibraries\openjfx-23.0.1_windows-x64_bin-sdk\javafx-sdk-23.0.1\bin\api-ms-win-crt-heap-l1-1-0.dll
0x0000029fd6110000 - 0x0000029fd6113000 	C:\Users\loren\Desktop\JavaFXLibraries\openjfx-23.0.1_windows-x64_bin-sdk\javafx-sdk-23.0.1\bin\api-ms-win-crt-locale-l1-1-0.dll
0x0000029fd6120000 - 0x0000029fd6125000 	C:\Users\loren\Desktop\JavaFXLibraries\openjfx-23.0.1_windows-x64_bin-sdk\javafx-sdk-23.0.1\bin\api-ms-win-crt-math-l1-1-0.dll
0x0000029fd6130000 - 0x0000029fd6135000 	C:\Users\loren\Desktop\JavaFXLibraries\openjfx-23.0.1_windows-x64_bin-sdk\javafx-sdk-23.0.1\bin\api-ms-win-crt-multibyte-l1-1-0.dll
0x0000029fd6140000 - 0x0000029fd6150000 	C:\Users\loren\Desktop\JavaFXLibraries\openjfx-23.0.1_windows-x64_bin-sdk\javafx-sdk-23.0.1\bin\api-ms-win-crt-private-l1-1-0.dll
0x0000029fd6150000 - 0x0000029fd6153000 	C:\Users\loren\Desktop\JavaFXLibraries\openjfx-23.0.1_windows-x64_bin-sdk\javafx-sdk-23.0.1\bin\api-ms-win-crt-process-l1-1-0.dll
0x0000029fd6160000 - 0x0000029fd6164000 	C:\Users\loren\Desktop\JavaFXLibraries\openjfx-23.0.1_windows-x64_bin-sdk\javafx-sdk-23.0.1\bin\api-ms-win-crt-runtime-l1-1-0.dll
0x0000029fd6170000 - 0x0000029fd6174000 	C:\Users\loren\Desktop\JavaFXLibraries\openjfx-23.0.1_windows-x64_bin-sdk\javafx-sdk-23.0.1\bin\api-ms-win-crt-stdio-l1-1-0.dll
0x0000029fd6180000 - 0x0000029fd6184000 	C:\Users\loren\Desktop\JavaFXLibraries\openjfx-23.0.1_windows-x64_bin-sdk\javafx-sdk-23.0.1\bin\api-ms-win-crt-string-l1-1-0.dll
0x0000029fd6190000 - 0x0000029fd6193000 	C:\Users\loren\Desktop\JavaFXLibraries\openjfx-23.0.1_windows-x64_bin-sdk\javafx-sdk-23.0.1\bin\api-ms-win-crt-time-l1-1-0.dll
0x0000029fd61a0000 - 0x0000029fd61a3000 	C:\Users\loren\Desktop\JavaFXLibraries\openjfx-23.0.1_windows-x64_bin-sdk\javafx-sdk-23.0.1\bin\api-ms-win-crt-utility-l1-1-0.dll
0x00007ffc4e730000 - 0x00007ffc4e82c000 	C:\Users\loren\Desktop\JavaFXLibraries\openjfx-23.0.1_windows-x64_bin-sdk\javafx-sdk-23.0.1\bin\ucrtbase.dll
0x00007ffc9da70000 - 0x00007ffc9da8b000 	C:\Users\loren\Desktop\JavaFXLibraries\openjfx-23.0.1_windows-x64_bin-sdk\javafx-sdk-23.0.1\bin\vcruntime140.dll
0x00007ffc9ba00000 - 0x00007ffc9ba0c000 	C:\Users\loren\Desktop\JavaFXLibraries\openjfx-23.0.1_windows-x64_bin-sdk\javafx-sdk-23.0.1\bin\vcruntime140_1.dll
0x00007ffc7fef0000 - 0x00007ffc7ff7e000 	C:\Users\loren\Desktop\JavaFXLibraries\openjfx-23.0.1_windows-x64_bin-sdk\javafx-sdk-23.0.1\bin\msvcp140.dll
0x00007ffc9b940000 - 0x00007ffc9b949000 	C:\Users\loren\Desktop\JavaFXLibraries\openjfx-23.0.1_windows-x64_bin-sdk\javafx-sdk-23.0.1\bin\msvcp140_1.dll
0x00007ffc8ffb0000 - 0x00007ffc8fff1000 	C:\Users\loren\Desktop\JavaFXLibraries\openjfx-23.0.1_windows-x64_bin-sdk\javafx-sdk-23.0.1\bin\msvcp140_2.dll
0x00007ffc97af0000 - 0x00007ffc97b20000 	C:\Users\loren\Desktop\JavaFXLibraries\openjfx-23.0.1_windows-x64_bin-sdk\javafx-sdk-23.0.1\bin\prism_d3d.dll
0x00007ffc76e00000 - 0x00007ffc76fb0000 	C:\WINDOWS\system32\d3d9.dll
0x00007ffc9dfa0000 - 0x00007ffc9dfd0000 	C:\WINDOWS\SYSTEM32\dwmapi.dll
0x00007ffc9ddf0000 - 0x00007ffc9de33000 	C:\WINDOWS\SYSTEM32\dxcore.dll
0x00007ffc9dd10000 - 0x00007ffc9ddba000 	C:\WINDOWS\system32\uxtheme.dll
0x00007ffc9b380000 - 0x00007ffc9b3e3000 	C:\WINDOWS\SYSTEM32\directxdatabasehelper.dll
0x00007ffca05a0000 - 0x00007ffca05f7000 	C:\WINDOWS\SYSTEM32\cfgmgr32.dll
0x00007ffca0170000 - 0x00007ffca0183000 	C:\WINDOWS\SYSTEM32\msasn1.dll
0x00007ffc96730000 - 0x00007ffc9676b000 	C:\WINDOWS\SYSTEM32\cryptnet.dll
0x00007ffca0a50000 - 0x00007ffca0bc7000 	C:\WINDOWS\System32\CRYPT32.dll
0x00007ffca0060000 - 0x00007ffca006c000 	C:\WINDOWS\SYSTEM32\cryptbase.dll
0x00007ffca1210000 - 0x00007ffca128f000 	C:\WINDOWS\System32\wintrust.dll
0x00007ffca26a0000 - 0x00007ffca26c0000 	C:\WINDOWS\System32\imagehlp.dll
0x00007ffca0040000 - 0x00007ffca005b000 	C:\WINDOWS\SYSTEM32\CRYPTSP.dll
0x00007ffc9f740000 - 0x00007ffc9f77a000 	C:\WINDOWS\system32\rsaenh.dll
0x00007ffca0940000 - 0x00007ffca096a000 	C:\WINDOWS\SYSTEM32\bcrypt.dll
0x00007ffc85ad0000 - 0x00007ffc85b15000 	C:\Users\loren\Desktop\JavaFXLibraries\openjfx-23.0.1_windows-x64_bin-sdk\javafx-sdk-23.0.1\bin\glass.dll
0x00007ffca37c0000 - 0x00007ffca38b2000 	C:\WINDOWS\System32\COMDLG32.dll
0x00007ffc4dee0000 - 0x00007ffc4e011000 	C:\ProgramData\A-Volute\A-Volute.SonicStudio3\Modules\ScheduledModules\x64\AudioDevProps2.dll
0x00007ffca2470000 - 0x00007ffca25ce000 	C:\WINDOWS\System32\MSCTF.dll
0x00007ffc736f0000 - 0x00007ffc737b1000 	C:\WINDOWS\System32\DriverStore\FileRepository\nvam.inf_amd64_900a074fe80431cd\nvldumdx.dll
0x00007ffca0100000 - 0x00007ffca0165000 	C:\WINDOWS\SYSTEM32\wldp.dll
0x00007ffc95ea0000 - 0x00007ffc9601b000 	C:\WINDOWS\SYSTEM32\drvstore.dll
0x00007ffca0600000 - 0x00007ffca062d000 	C:\WINDOWS\SYSTEM32\devobj.dll
0x00007ffc716e0000 - 0x00007ffc7350f000 	C:\WINDOWS\System32\DriverStore\FileRepository\nvam.inf_amd64_900a074fe80431cd\nvgpucomp64.dll
0x00007ffc04060000 - 0x00007ffc060a3000 	C:\WINDOWS\System32\DriverStore\FileRepository\nvam.inf_amd64_900a074fe80431cd\nvd3dumx.dll

dbghelp: loaded successfully - version: 4.0.5 - missing functions: none
symbol engine: initialized successfully - sym options: 0x614 - pdb path: .;C:\Program Files\Java\jdk-23\bin;C:\WINDOWS\SYSTEM32;C:\WINDOWS\WinSxS\amd64_microsoft.windows.common-controls_6595b64144ccf1df_6.0.26100.7019_none_3e06ffa0e335b8a8;C:\Program Files\Java\jdk-23\bin\server;C:\Users\loren\Desktop\JavaFXLibraries\openjfx-23.0.1_windows-x64_bin-sdk\javafx-sdk-23.0.1\bin;C:\ProgramData\A-Volute\A-Volute.SonicStudio3\Modules\ScheduledModules\x64;C:\WINDOWS\System32\DriverStore\FileRepository\nvam.inf_amd64_900a074fe80431cd;C:\WINDOWS\System32\DriverStore\FileRepository\u0360120.inf_amd64_6caf8ce0d87c269d\B358199;C:\Program Files\Common Files\Microsoft Shared\Ink

VM Arguments:
jvm_args: -XX:+ShowCodeDetailsInExceptionMessages -agentlib:jdwp=transport=dt_socket,suspend=y,address=localhost:62245 --module-path=C:\Users\loren\Desktop\Tor Vergata\ISPW\Progetto\ISPW_Progetto\Dream_Finder\libs\javafx-sdk-23.0.1\lib --add-modules=javafx.controls,javafx.graphics,javafx.fxml -javaagent:C:\Users\loren\eclipse\java-2024-12\eclipse\configuration\org.eclipse.osgi\252\0\.cp\lib\javaagent-shaded.jar -Dfile.encoding=UTF-8 -Dstdout.encoding=UTF-8 -Dstderr.encoding=UTF-8 --module-path=C:\Users\loren\Desktop\Tor Vergata\ISPW\Progetto\ISPW_Progetto\Dream_Finder\bin;C:\Users\loren\.p2\pool\plugins\org.eclipse.fx.ide.css.jfx8_3.8.0.202204150904.jar;C:\Users\loren\Desktop\JavaFXLibraries\openjfx-23.0.1_windows-x64_bin-sdk\javafx-sdk-23.0.1\lib\javafx.base.jar;C:\Users\loren\Desktop\JavaFXLibraries\openjfx-23.0.1_windows-x64_bin-sdk\javafx-sdk-23.0.1\lib\javafx.controls.jar;C:\Users\loren\Desktop\JavaFXLibraries\openjfx-23.0.1_windows-x64_bin-sdk\javafx-sdk-23.0.1\lib\javafx.fxml.jar;C:\Users\loren\Desktop\JavaFXLibraries\openjfx-23.0.1_windows-x64_bin-sdk\javafx-sdk-23.0.1\lib\javafx.graphics.jar;C:\Users\loren\Desktop\JavaFXLibraries\openjfx-23.0.1_windows-x64_bin-sdk\javafx-sdk-23.0.1\lib\javafx.media.jar;C:\Users\loren\Desktop\JavaFXLibraries\openjfx-23.0.1_windows-x64_bin-sdk\javafx-sdk-23.0.1\lib\javafx.swing.jar;C:\Users\loren\Desktop\JavaFXLibraries\openjfx-23.0.1_windows-x64_bin-sdk\javafx-sdk-23.0.1\lib\javafx.web.jar;C:\Users\loren\Desktop\JavaFXLibraries\openjfx-23.0.1_windows-x64_bin-sdk\javafx-sdk-23.0.1\lib\javafx-swt.jar -Djdk.module.main=Dream_Finder 
java_command: Dream_Finder/application.Main
java_class_path (initial): <not set>
Launcher Type: SUN_STANDARD

[Global flags]
     intx CICompilerCount                          = 4                                         {product} {ergonomic}
     uint ConcGCThreads                            = 2                                         {product} {ergonomic}
     uint G1ConcRefinementThreads                  = 8                                         {product} {ergonomic}
   size_t G1HeapRegionSize                         = 2097152                                   {product} {ergonomic}
   size_t InitialHeapSize                          = 264241152                                 {product} {ergonomic}
   size_t MarkStackSize                            = 4194304                                   {product} {ergonomic}
   size_t MarkStackSizeMax                         = 536870912                                 {product} {ergonomic}
   size_t MaxHeapSize                              = 4211081216                                {product} {ergonomic}
   size_t MaxNewSize                               = 2524971008                                {product} {ergonomic}
   size_t MinHeapDeltaBytes                        = 2097152                                   {product} {ergonomic}
   size_t MinHeapSize                              = 8388608                                   {product} {ergonomic}
    uintx NonNMethodCodeHeapSize                   = 5832704                                {pd product} {ergonomic}
    uintx NonProfiledCodeHeapSize                  = 122945536                              {pd product} {ergonomic}
    uintx ProfiledCodeHeapSize                     = 122880000                              {pd product} {ergonomic}
    uintx ReservedCodeCacheSize                    = 251658240                              {pd product} {ergonomic}
     bool SegmentedCodeCache                       = true                                      {product} {ergonomic}
     bool ShowCodeDetailsInExceptionMessages       = true                                   {manageable} {command line}
   size_t SoftMaxHeapSize                          = 4211081216                             {manageable} {ergonomic}
     bool UseCompressedOops                        = true                           {product lp64_product} {ergonomic}
     bool UseG1GC                                  = true                                      {product} {ergonomic}
     bool UseLargePagesIndividualAllocation        = false                                  {pd product} {ergonomic}

Logging:
Log output configuration:
 #0: stdout all=warning uptime,level,tags foldmultilines=false
 #1: stderr all=off uptime,level,tags foldmultilines=false

Environment Variables:
PATH=C:\Program Files\Common Files\Oracle\Java\javapath;C:\ProgramData\Oracle\Java\javapath;C:\Windows\system32;C:\Windows;C:\Windows\System32\Wbem;C:\Windows\System32\WindowsPowerShell\v1.0\;C:\Windows\System32\OpenSSH\;C:\Program Files (x86)\NVIDIA Corporation\PhysX\Common;C:\Program Files\NVIDIA Corporation\NVIDIA NvDLISR;C:\Program Files (x86)\Brackets\command;C:\WINDOWS\system32;C:\WINDOWS;C:\WINDOWS\System32\Wbem;C:\WINDOWS\System32\WindowsPowerShell\v1.0\;C:\WINDOWS\System32\OpenSSH\;C:\Program Files\MATLAB\R2022a\bin;C:\Program Files\dotnet\;C:\Program Files\Git\cmd;C:\Program Files\MySQL\MySQL Shell 8.0\bin\;C:\Users\loren\AppData\Local\Microsoft\WindowsApps;C:\Program Files\JetBrains\PyCharm Community Edition 2021.1.1\bin;;C:\Users\loren\AppData\Local\GitHubDesktop\bin;
USERNAME=loren
OS=Windows_NT
PROCESSOR_IDENTIFIER=AMD64 Family 23 Model 24 Stepping 1, AuthenticAMD
TMP=C:\Users\loren\AppData\Local\Temp
TEMP=C:\Users\loren\AppData\Local\Temp




Periodic native trim disabled

---------------  S Y S T E M  ---------------

OS:
 Windows 11 , 64 bit Build 26100 (10.0.26100.7019)
OS uptime: 20 days 21:39 hours
Hyper-V role detected

CPU: total 8 (initial active 8) (8 cores per cpu, 2 threads per core) family 23 model 24 stepping 1 microcode 0x8108102, cx8, cmov, fxsr, ht, mmx, 3dnowpref, sse, sse2, sse3, ssse3, sse4a, sse4.1, sse4.2, popcnt, lzcnt, tsc, tscinvbit, avx, avx2, aes, clmul, bmi1, bmi2, adx, sha, fma, vzeroupper, clflush, clflushopt, hv, rdtscp, f16c
Processor Information for the first 8 processors :
  Max Mhz: 2300, Current Mhz: 2300, Mhz Limit: 2300

Memory: 4k page, system-wide physical 16063M (5497M free)
TotalPageFile size 24814M (AvailPageFile size 4M)
current process WorkingSet (physical memory assigned to process): 268M, peak: 309M
current process commit charge ("private bytes"): 533M, peak: 563M

vm_info: Java HotSpot(TM) 64-Bit Server VM (23+37-2369) for windows-amd64 JRE (23+37-2369), built on 2024-08-20T16:01:23Z with MS VC++ 17.6 (VS2022)

END.
