#
# There is insufficient memory for the Java Runtime Environment to continue.
# Native memory allocation (malloc) failed to allocate 1252336 bytes. Error detail: Chunk::new
# Possible reasons:
#   The system is out of physical RAM or swap space
#   This process is running with CompressedOops enabled, and the Java Heap may be blocking the growth of the native heap
# Possible solutions:
#   Reduce memory load on the system
#   Increase physical memory or swap space
#   Check if swap backing store is full
#   Decrease Java heap size (-Xmx/-Xms)
#   Decrease number of Java threads
#   Decrease Java thread stack sizes (-Xss)
#   Set larger code cache with -XX:ReservedCodeCacheSize=
#   JVM is running with Zero Based Compressed Oops mode in which the Java heap is
#     placed in the first 32GB address space. The Java Heap base address is the
#     maximum limit for the native heap growth. Please use -XX:HeapBaseMinAddress
#     to set the Java Heap base and to place the Java Heap above 32GB virtual address.
# This output file may be truncated or incomplete.
#
#  Out of Memory Error (arena.cpp:149), pid=5272, tid=30832
#
# JRE version: Java(TM) SE Runtime Environment (23.0+37) (build 23+37-2369)
# Java VM: Java HotSpot(TM) 64-Bit Server VM (23+37-2369, mixed mode, sharing, tiered, compressed oops, compressed class ptrs, g1 gc, windows-amd64)
# No core dump will be written. Minidumps are not enabled by default on client versions of Windows
#

---------------  S U M M A R Y ------------

Command Line: --module-path=C:\Users\loren\Desktop\Tor Vergata\ISPW\Progetto\ISPW_Progetto\Dream_Finder\libs\javafx-sdk-23.0.1\lib --add-modules=javafx.controls,javafx.graphics,javafx.fxml -Dfile.encoding=UTF-8 -Dstdout.encoding=UTF-8 -Dstderr.encoding=UTF-8 --module-path=C:\Users\loren\Desktop\Tor Vergata\ISPW\Progetto\ISPW_Progetto\Dream_Finder\bin;C:\Users\loren\.p2\pool\plugins\org.eclipse.fx.ide.css.jfx8_3.8.0.202204150904.jar;C:\Users\loren\Desktop\JavaFXLibraries\openjfx-23.0.1_windows-x64_bin-sdk\javafx-sdk-23.0.1\lib\javafx.base.jar;C:\Users\loren\Desktop\JavaFXLibraries\openjfx-23.0.1_windows-x64_bin-sdk\javafx-sdk-23.0.1\lib\javafx.controls.jar;C:\Users\loren\Desktop\JavaFXLibraries\openjfx-23.0.1_windows-x64_bin-sdk\javafx-sdk-23.0.1\lib\javafx.fxml.jar;C:\Users\loren\Desktop\JavaFXLibraries\openjfx-23.0.1_windows-x64_bin-sdk\javafx-sdk-23.0.1\lib\javafx.graphics.jar;C:\Users\loren\Desktop\JavaFXLibraries\openjfx-23.0.1_windows-x64_bin-sdk\javafx-sdk-23.0.1\lib\javafx.media.jar;C:\Users\loren\Desktop\JavaFXLibraries\openjfx-23.0.1_windows-x64_bin-sdk\javafx-sdk-23.0.1\lib\javafx.swing.jar;C:\Users\loren\Desktop\JavaFXLibraries\openjfx-23.0.1_windows-x64_bin-sdk\javafx-sdk-23.0.1\lib\javafx.web.jar;C:\Users\loren\Desktop\JavaFXLibraries\openjfx-23.0.1_windows-x64_bin-sdk\javafx-sdk-23.0.1\lib\javafx-swt.jar -XX:+ShowCodeDetailsInExceptionMessages -Djdk.module.main=Dream_Finder Dream_Finder/application.Main

Host: AMD Ryzen 7 3750H with Radeon Vega Mobile Gfx  , 8 cores, 15G,  Windows 11 , 64 bit Build 26100 (10.0.26100.7019)
Time: Mon Dec 15 20:04:13 2025 ora solare Europa occidentale elapsed time: 21.619031 seconds (0d 0h 0m 21s)

---------------  T H R E A D  ---------------

Current thread (0x000001f635dab3e0):  JavaThread "C2 CompilerThread0" daemon [_thread_in_native, id=30832, stack(0x0000002a8f600000,0x0000002a8f700000) (1024K)]


Current CompileTask:
C2:21619 5272       4       javafx.scene.CssStyleHelper::createStyleHelper (316 bytes)

Stack: [0x0000002a8f600000,0x0000002a8f700000]
Native frames: (J=compiled Java code, j=interpreted, Vv=VM code, C=native code)
V  [jvm.dll+0x6e08a9]  (no source info available)
V  [jvm.dll+0x87da63]  (no source info available)
V  [jvm.dll+0x87feee]  (no source info available)
V  [jvm.dll+0x8805c3]  (no source info available)
V  [jvm.dll+0x27aee6]  (no source info available)
V  [jvm.dll+0xbc06f]  (no source info available)
V  [jvm.dll+0xbc2cb]  (no source info available)
V  [jvm.dll+0x3b3a62]  (no source info available)
V  [jvm.dll+0x38a42b]  (no source info available)
V  [jvm.dll+0x38989a]  (no source info available)
V  [jvm.dll+0x244aa1]  (no source info available)
V  [jvm.dll+0x243dff]  (no source info available)
V  [jvm.dll+0x1c33a0]  (no source info available)
V  [jvm.dll+0x253cf1]  (no source info available)
V  [jvm.dll+0x251faa]  (no source info available)
V  [jvm.dll+0x3ee036]  (no source info available)
V  [jvm.dll+0x824f1b]  (no source info available)
V  [jvm.dll+0x6df055]  (no source info available)
C  [ucrtbase.dll+0x37b0]  (no source info available)
C  [KERNEL32.DLL+0x2e8d7]  (no source info available)
C  [ntdll.dll+0x8c53c]  (no source info available)

Lock stack of current Java thread (top to bottom):


---------------  P R O C E S S  ---------------

Threads class SMR info:
_java_thread_list=0x000001f606210850, length=20, elements={
0x000001f6147644b0, 0x000001f635d94000, 0x000001f635d95980, 0x000001f635d9ab90,
0x000001f635d9d600, 0x000001f635da0070, 0x000001f635da9930, 0x000001f635dab3e0,
0x000001f635dafe70, 0x000001f67b10c6c0, 0x000001f67b9dcb90, 0x000001f67b9ec540,
0x000001f67b7377b0, 0x000001f61473d6d0, 0x000001f67c0c0480, 0x000001f67c0fb6d0,
0x000001f67c2d0c90, 0x000001f67c2d1320, 0x000001f67c1bca00, 0x000001f67c1bb590
}

Java Threads: ( => current thread )
  0x000001f6147644b0 JavaThread "main"                              [_thread_blocked, id=25184, stack(0x0000002a8e800000,0x0000002a8e900000) (1024K)]
  0x000001f635d94000 JavaThread "Reference Handler"          daemon [_thread_blocked, id=15668, stack(0x0000002a8f000000,0x0000002a8f100000) (1024K)]
  0x000001f635d95980 JavaThread "Finalizer"                  daemon [_thread_blocked, id=3668, stack(0x0000002a8f100000,0x0000002a8f200000) (1024K)]
  0x000001f635d9ab90 JavaThread "Signal Dispatcher"          daemon [_thread_blocked, id=1440, stack(0x0000002a8f200000,0x0000002a8f300000) (1024K)]
  0x000001f635d9d600 JavaThread "Attach Listener"            daemon [_thread_blocked, id=27596, stack(0x0000002a8f300000,0x0000002a8f400000) (1024K)]
  0x000001f635da0070 JavaThread "Service Thread"             daemon [_thread_blocked, id=26372, stack(0x0000002a8f400000,0x0000002a8f500000) (1024K)]
  0x000001f635da9930 JavaThread "Monitor Deflation Thread"   daemon [_thread_blocked, id=15188, stack(0x0000002a8f500000,0x0000002a8f600000) (1024K)]
=>0x000001f635dab3e0 JavaThread "C2 CompilerThread0"         daemon [_thread_in_native, id=30832, stack(0x0000002a8f600000,0x0000002a8f700000) (1024K)]
  0x000001f635dafe70 JavaThread "C1 CompilerThread0"         daemon [_thread_blocked, id=6744, stack(0x0000002a8f700000,0x0000002a8f800000) (1024K)]
  0x000001f67b10c6c0 JavaThread "Common-Cleaner"             daemon [_thread_blocked, id=21136, stack(0x0000002a8f800000,0x0000002a8f900000) (1024K)]
  0x000001f67b9dcb90 JavaThread "Notification Thread"        daemon [_thread_blocked, id=18332, stack(0x0000002a8fb00000,0x0000002a8fc00000) (1024K)]
  0x000001f67b9ec540 JavaThread "QuantumRenderer-0"          daemon [_thread_blocked, id=16104, stack(0x0000002a8fa00000,0x0000002a8fb00000) (1024K)]
  0x000001f67b7377b0 JavaThread "InvokeLaterDispatcher"      daemon [_thread_blocked, id=7396, stack(0x0000002a8f900000,0x0000002a8fa00000) (1024K)]
  0x000001f61473d6d0 JavaThread "JavaFX Application Thread"         [_thread_in_native, id=10772, stack(0x0000002a8ff00000,0x0000002a90000000) (1024K)]
  0x000001f67c0c0480 JavaThread "Thread-1"                   daemon [_thread_in_native, id=18676, stack(0x0000002a90520000,0x0000002a90620000) (1024K)]
  0x000001f67c0fb6d0 JavaThread "JavaFX-Launcher"                   [_thread_blocked, id=11536, stack(0x0000002a90620000,0x0000002a90720000) (1024K)]
  0x000001f67c2d0c90 JavaThread "Prism Font Disposer"        daemon [_thread_blocked, id=3580, stack(0x0000002a91020000,0x0000002a91120000) (1024K)]
  0x000001f67c2d1320 JavaThread "Cleaner-0"                  daemon [_thread_blocked, id=22308, stack(0x0000002a91220000,0x0000002a91320000) (1024K)]
  0x000001f67c1bca00 JavaThread "C2 CompilerThread1"         daemon [_thread_in_native, id=19424, stack(0x0000002a91380000,0x0000002a91480000) (1024K)]
  0x000001f67c1bb590 JavaThread "C2 CompilerThread2"         daemon [_thread_in_native, id=14328, stack(0x0000002a91480000,0x0000002a91580000) (1024K)]
Total: 20

Other Threads:
  0x000001f635d79f50 VMThread "VM Thread"                           [id=25816, stack(0x0000002a8ef00000,0x0000002a8f000000) (1024K)]
  0x000001f635d680f0 WatcherThread "VM Periodic Task Thread"        [id=32096, stack(0x0000002a8ee00000,0x0000002a8ef00000) (1024K)]
  0x000001f616ac20c0 WorkerThread "GC Thread#0"                     [id=28252, stack(0x0000002a8e900000,0x0000002a8ea00000) (1024K)]
  0x000001f67c14e2b0 WorkerThread "GC Thread#1"                     [id=22848, stack(0x0000002a90720000,0x0000002a90820000) (1024K)]
  0x000001f67c14e660 WorkerThread "GC Thread#2"                     [id=14776, stack(0x0000002a90820000,0x0000002a90920000) (1024K)]
  0x000001f67c14ea10 WorkerThread "GC Thread#3"                     [id=17312, stack(0x0000002a90920000,0x0000002a90a20000) (1024K)]
  0x000001f67c14edc0 WorkerThread "GC Thread#4"                     [id=29076, stack(0x0000002a90a20000,0x0000002a90b20000) (1024K)]
  0x000001f67c14f170 WorkerThread "GC Thread#5"                     [id=19192, stack(0x0000002a90b20000,0x0000002a90c20000) (1024K)]
  0x000001f67c140cc0 WorkerThread "GC Thread#6"                     [id=12376, stack(0x0000002a90c20000,0x0000002a90d20000) (1024K)]
  0x000001f67c1e3230 WorkerThread "GC Thread#7"                     [id=19984, stack(0x0000002a90d20000,0x0000002a90e20000) (1024K)]
  0x000001f616ad6ad0 ConcurrentGCThread "G1 Main Marker"            [id=17844, stack(0x0000002a8ea00000,0x0000002a8eb00000) (1024K)]
  0x000001f616ad75e0 WorkerThread "G1 Conc#0"                       [id=23600, stack(0x0000002a8eb00000,0x0000002a8ec00000) (1024K)]
  0x000001f6058e1910 WorkerThread "G1 Conc#1"                       [id=15064, stack(0x0000002a91580000,0x0000002a91680000) (1024K)]
  0x000001f635c36c50 ConcurrentGCThread "G1 Refine#0"               [id=10652, stack(0x0000002a8ec00000,0x0000002a8ed00000) (1024K)]
  0x000001f635c386f0 ConcurrentGCThread "G1 Service"                [id=30012, stack(0x0000002a8ed00000,0x0000002a8ee00000) (1024K)]
Total: 15

Threads with active compile tasks:
C2 CompilerThread0  21997 5272       4       javafx.scene.CssStyleHelper::createStyleHelper (316 bytes)
C2 CompilerThread1  21997 5293       4       com.sun.javafx.css.StyleManager$Cache::getStyleMap (400 bytes)
C2 CompilerThread2  21997 5294   !   4       com.sun.javafx.css.StyleManager::findMatchingStyles (1270 bytes)
Total: 3

VM state: not at safepoint (normal execution)

VM Mutex/Monitor currently owned by a thread: None

Heap address: 0x0000000705000000, size: 4016 MB, Compressed Oops mode: Zero based, Oop shift amount: 3

CDS archive(s) mapped at: [0x000001f636000000-0x000001f636d70000-0x000001f636d70000), size 14090240, SharedBaseAddress: 0x000001f636000000, ArchiveRelocationMode: 1.
Compressed class space mapped at: 0x000001f637000000-0x000001f677000000, reserved size: 1073741824
Narrow klass base: 0x000001f636000000, Narrow klass shift: 0, Narrow klass range: 0x41000000

GC Precious Log:
 CardTable entry size: 512
 Card Set container configuration: InlinePtr #cards 4 size 8 Array Of Cards #cards 16 size 48 Howl #buckets 8 coarsen threshold 3686 Howl Bitmap #cards 512 size 80 coarsen threshold 460 Card regions per heap region 1 cards per card region 4096
 CPUs: 8 total, 8 available
 Memory: 16063M
 Large Page Support: Disabled
 NUMA Support: Disabled
 Compressed Oops: Enabled (Zero based)
 Heap Region Size: 2M
 Heap Min Capacity: 8M
 Heap Initial Capacity: 252M
 Heap Max Capacity: 4016M
 Pre-touch: Disabled
 Parallel Workers: 8
 Concurrent Workers: 2
 Concurrent Refinement Workers: 8
 Periodic GC: Disabled

Heap:
 garbage-first heap   total reserved 4112384K, committed 258048K, used 141370K [0x0000000705000000, 0x0000000800000000)
  region size 2048K, 7 young (14336K), 2 survivors (4096K)
 Metaspace       used 19660K, committed 20096K, reserved 1114112K
  class space    used 2818K, committed 3008K, reserved 1048576K

Heap Regions: E=young(eden), S=young(survivor), O=old, HS=humongous(starts), HC=humongous(continues), CS=collection set, F=free, TAMS=top-at-mark-start, PB=parsable bottom
|   0|0x0000000705000000, 0x0000000705200000, 0x0000000705200000|100%| O|  |TAMS 0x0000000705000000| PB 0x0000000705000000| Untracked |  0
|   1|0x0000000705200000, 0x0000000705400000, 0x0000000705400000|100%| O|  |TAMS 0x0000000705200000| PB 0x0000000705200000| Untracked |  0
|   2|0x0000000705400000, 0x0000000705600000, 0x0000000705600000|100%|HS|  |TAMS 0x0000000705400000| PB 0x0000000705400000| Complete |  0
|   3|0x0000000705600000, 0x0000000705800000, 0x0000000705800000|100%|HS|  |TAMS 0x0000000705600000| PB 0x0000000705600000| Complete |  0
|   4|0x0000000705800000, 0x0000000705a00000, 0x0000000705a00000|100%|HC|  |TAMS 0x0000000705800000| PB 0x0000000705800000| Complete |  0
|   5|0x0000000705a00000, 0x0000000705c00000, 0x0000000705c00000|100%|HS|  |TAMS 0x0000000705a00000| PB 0x0000000705a00000| Complete |  0
|   6|0x0000000705c00000, 0x0000000705e00000, 0x0000000705e00000|100%|HC|  |TAMS 0x0000000705c00000| PB 0x0000000705c00000| Complete |  0
|   7|0x0000000705e00000, 0x0000000706000000, 0x0000000706000000|100%|HS|  |TAMS 0x0000000705e00000| PB 0x0000000705e00000| Complete |  0
|   8|0x0000000706000000, 0x0000000706200000, 0x0000000706200000|100%|HC|  |TAMS 0x0000000706000000| PB 0x0000000706000000| Complete |  0
|   9|0x0000000706200000, 0x0000000706400000, 0x0000000706400000|100%|HS|  |TAMS 0x0000000706200000| PB 0x0000000706200000| Complete |  0
|  10|0x0000000706400000, 0x0000000706600000, 0x0000000706600000|100%|HC|  |TAMS 0x0000000706400000| PB 0x0000000706400000| Complete |  0
|  11|0x0000000706600000, 0x0000000706800000, 0x0000000706800000|100%|HS|  |TAMS 0x0000000706600000| PB 0x0000000706600000| Complete |  0
|  12|0x0000000706800000, 0x0000000706a00000, 0x0000000706a00000|100%|HC|  |TAMS 0x0000000706800000| PB 0x0000000706800000| Complete |  0
|  13|0x0000000706a00000, 0x0000000706c00000, 0x0000000706c00000|100%|HS|  |TAMS 0x0000000706a00000| PB 0x0000000706a00000| Complete |  0
|  14|0x0000000706c00000, 0x0000000706e00000, 0x0000000706e00000|100%|HC|  |TAMS 0x0000000706c00000| PB 0x0000000706c00000| Complete |  0
|  15|0x0000000706e00000, 0x0000000707000000, 0x0000000707000000|100%|HS|  |TAMS 0x0000000706e00000| PB 0x0000000706e00000| Complete |  0
|  16|0x0000000707000000, 0x0000000707200000, 0x0000000707200000|100%|HC|  |TAMS 0x0000000707000000| PB 0x0000000707000000| Complete |  0
|  17|0x0000000707200000, 0x0000000707400000, 0x0000000707400000|100%|HS|  |TAMS 0x0000000707200000| PB 0x0000000707200000| Complete |  0
|  18|0x0000000707400000, 0x0000000707600000, 0x0000000707600000|100%|HC|  |TAMS 0x0000000707400000| PB 0x0000000707400000| Complete |  0
|  19|0x0000000707600000, 0x0000000707800000, 0x0000000707800000|100%|HS|  |TAMS 0x0000000707600000| PB 0x0000000707600000| Complete |  0
|  20|0x0000000707800000, 0x0000000707a00000, 0x0000000707a00000|100%|HC|  |TAMS 0x0000000707800000| PB 0x0000000707800000| Complete |  0
|  21|0x0000000707a00000, 0x0000000707c00000, 0x0000000707c00000|100%|HS|  |TAMS 0x0000000707a00000| PB 0x0000000707a00000| Complete |  0
|  22|0x0000000707c00000, 0x0000000707e00000, 0x0000000707e00000|100%|HC|  |TAMS 0x0000000707c00000| PB 0x0000000707c00000| Complete |  0
|  23|0x0000000707e00000, 0x0000000708000000, 0x0000000708000000|100%|HS|  |TAMS 0x0000000707e00000| PB 0x0000000707e00000| Complete |  0
|  24|0x0000000708000000, 0x0000000708200000, 0x0000000708200000|100%|HC|  |TAMS 0x0000000708000000| PB 0x0000000708000000| Complete |  0
|  25|0x0000000708200000, 0x0000000708400000, 0x0000000708400000|100%|HS|  |TAMS 0x0000000708200000| PB 0x0000000708200000| Complete |  0
|  26|0x0000000708400000, 0x0000000708600000, 0x0000000708600000|100%|HC|  |TAMS 0x0000000708400000| PB 0x0000000708400000| Complete |  0
|  27|0x0000000708600000, 0x0000000708800000, 0x0000000708800000|100%|HS|  |TAMS 0x0000000708600000| PB 0x0000000708600000| Complete |  0
|  28|0x0000000708800000, 0x0000000708a00000, 0x0000000708a00000|100%|HC|  |TAMS 0x0000000708800000| PB 0x0000000708800000| Complete |  0
|  29|0x0000000708a00000, 0x0000000708c00000, 0x0000000708c00000|100%|HS|  |TAMS 0x0000000708a00000| PB 0x0000000708a00000| Complete |  0
|  30|0x0000000708c00000, 0x0000000708e00000, 0x0000000708e00000|100%|HC|  |TAMS 0x0000000708c00000| PB 0x0000000708c00000| Complete |  0
|  31|0x0000000708e00000, 0x0000000709000000, 0x0000000709000000|100%|HS|  |TAMS 0x0000000708e00000| PB 0x0000000708e00000| Complete |  0
|  32|0x0000000709000000, 0x0000000709200000, 0x0000000709200000|100%| O|  |TAMS 0x0000000709000000| PB 0x0000000709000000| Untracked |  0
|  33|0x0000000709200000, 0x0000000709400000, 0x0000000709400000|100%|HS|  |TAMS 0x0000000709200000| PB 0x0000000709200000| Complete |  0
|  34|0x0000000709400000, 0x0000000709600000, 0x0000000709600000|100%|HC|  |TAMS 0x0000000709400000| PB 0x0000000709400000| Complete |  0
|  35|0x0000000709600000, 0x0000000709800000, 0x0000000709800000|100%|HS|  |TAMS 0x0000000709600000| PB 0x0000000709600000| Complete |  0
|  36|0x0000000709800000, 0x0000000709a00000, 0x0000000709a00000|100%|HC|  |TAMS 0x0000000709800000| PB 0x0000000709800000| Complete |  0
|  37|0x0000000709a00000, 0x0000000709c00000, 0x0000000709c00000|100%|HS|  |TAMS 0x0000000709a00000| PB 0x0000000709a00000| Complete |  0
|  38|0x0000000709c00000, 0x0000000709e00000, 0x0000000709e00000|100%|HC|  |TAMS 0x0000000709c00000| PB 0x0000000709c00000| Complete |  0
|  39|0x0000000709e00000, 0x000000070a000000, 0x000000070a000000|100%|HS|  |TAMS 0x0000000709e00000| PB 0x0000000709e00000| Complete |  0
|  40|0x000000070a000000, 0x000000070a200000, 0x000000070a200000|100%|HS|  |TAMS 0x000000070a000000| PB 0x000000070a000000| Complete |  0
|  41|0x000000070a200000, 0x000000070a400000, 0x000000070a400000|100%|HC|  |TAMS 0x000000070a200000| PB 0x000000070a200000| Complete |  0
|  42|0x000000070a400000, 0x000000070a600000, 0x000000070a600000|100%|HS|  |TAMS 0x000000070a400000| PB 0x000000070a400000| Complete |  0
|  43|0x000000070a600000, 0x000000070a800000, 0x000000070a800000|100%|HC|  |TAMS 0x000000070a600000| PB 0x000000070a600000| Complete |  0
|  44|0x000000070a800000, 0x000000070aa00000, 0x000000070aa00000|100%|HS|  |TAMS 0x000000070a800000| PB 0x000000070a800000| Complete |  0
|  45|0x000000070aa00000, 0x000000070ac00000, 0x000000070ac00000|100%|HC|  |TAMS 0x000000070aa00000| PB 0x000000070aa00000| Complete |  0
|  46|0x000000070ac00000, 0x000000070ae00000, 0x000000070ae00000|100%|HS|  |TAMS 0x000000070ac00000| PB 0x000000070ac00000| Complete |  0
|  47|0x000000070ae00000, 0x000000070b000000, 0x000000070b000000|100%|HC|  |TAMS 0x000000070ae00000| PB 0x000000070ae00000| Complete |  0
|  48|0x000000070b000000, 0x000000070b200000, 0x000000070b200000|100%|HS|  |TAMS 0x000000070b000000| PB 0x000000070b000000| Complete |  0
|  49|0x000000070b200000, 0x000000070b400000, 0x000000070b400000|100%|HC|  |TAMS 0x000000070b200000| PB 0x000000070b200000| Complete |  0
|  50|0x000000070b400000, 0x000000070b600000, 0x000000070b600000|100%|HS|  |TAMS 0x000000070b400000| PB 0x000000070b400000| Complete |  0
|  51|0x000000070b600000, 0x000000070b800000, 0x000000070b800000|100%|HC|  |TAMS 0x000000070b600000| PB 0x000000070b600000| Complete |  0
|  52|0x000000070b800000, 0x000000070ba00000, 0x000000070ba00000|100%|HS|  |TAMS 0x000000070b800000| PB 0x000000070b800000| Complete |  0
|  53|0x000000070ba00000, 0x000000070bc00000, 0x000000070bc00000|100%|HC|  |TAMS 0x000000070ba00000| PB 0x000000070ba00000| Complete |  0
|  54|0x000000070bc00000, 0x000000070be00000, 0x000000070be00000|100%|HS|  |TAMS 0x000000070bc00000| PB 0x000000070bc00000| Complete |  0
|  55|0x000000070be00000, 0x000000070c000000, 0x000000070c000000|100%|HC|  |TAMS 0x000000070be00000| PB 0x000000070be00000| Complete |  0
|  56|0x000000070c000000, 0x000000070c200000, 0x000000070c200000|100%| O|  |TAMS 0x000000070c000000| PB 0x000000070c000000| Untracked |  0
|  57|0x000000070c200000, 0x000000070c400000, 0x000000070c400000|100%| O|  |TAMS 0x000000070c200000| PB 0x000000070c200000| Untracked |  0
|  58|0x000000070c400000, 0x000000070c600000, 0x000000070c600000|100%| O|  |TAMS 0x000000070c400000| PB 0x000000070c400000| Untracked |  0
|  59|0x000000070c600000, 0x000000070c6a2500, 0x000000070c800000| 31%| O|  |TAMS 0x000000070c600000| PB 0x000000070c600000| Untracked |  0
|  60|0x000000070c800000, 0x000000070ca00000, 0x000000070ca00000|100%|HS|  |TAMS 0x000000070c800000| PB 0x000000070c800000| Complete |  0
|  61|0x000000070ca00000, 0x000000070cc00000, 0x000000070cc00000|100%|HC|  |TAMS 0x000000070ca00000| PB 0x000000070ca00000| Complete |  0
|  62|0x000000070cc00000, 0x000000070ce00000, 0x000000070ce00000|100%|HS|  |TAMS 0x000000070cc00000| PB 0x000000070cc00000| Complete |  0
|  63|0x000000070ce00000, 0x000000070d000000, 0x000000070d000000|100%|HC|  |TAMS 0x000000070ce00000| PB 0x000000070ce00000| Complete |  0
|  64|0x000000070d000000, 0x000000070d000000, 0x000000070d200000|  0%| F|  |TAMS 0x000000070d000000| PB 0x000000070d000000| Untracked |  0
|  65|0x000000070d200000, 0x000000070d200000, 0x000000070d400000|  0%| F|  |TAMS 0x000000070d200000| PB 0x000000070d200000| Untracked |  0
|  66|0x000000070d400000, 0x000000070d400000, 0x000000070d600000|  0%| F|  |TAMS 0x000000070d400000| PB 0x000000070d400000| Untracked |  0
|  67|0x000000070d600000, 0x000000070d600000, 0x000000070d800000|  0%| F|  |TAMS 0x000000070d600000| PB 0x000000070d600000| Untracked |  0
|  68|0x000000070d800000, 0x000000070d800000, 0x000000070da00000|  0%| F|  |TAMS 0x000000070d800000| PB 0x000000070d800000| Untracked |  0
|  69|0x000000070da00000, 0x000000070da00000, 0x000000070dc00000|  0%| F|  |TAMS 0x000000070da00000| PB 0x000000070da00000| Untracked |  0
|  70|0x000000070dc00000, 0x000000070dc00000, 0x000000070de00000|  0%| F|  |TAMS 0x000000070dc00000| PB 0x000000070dc00000| Untracked |  0
|  71|0x000000070de00000, 0x000000070de00000, 0x000000070e000000|  0%| F|  |TAMS 0x000000070de00000| PB 0x000000070de00000| Untracked |  0
|  72|0x000000070e000000, 0x000000070e000000, 0x000000070e200000|  0%| F|  |TAMS 0x000000070e000000| PB 0x000000070e000000| Untracked |  0
|  73|0x000000070e200000, 0x000000070e200000, 0x000000070e400000|  0%| F|  |TAMS 0x000000070e200000| PB 0x000000070e200000| Untracked |  0
|  74|0x000000070e400000, 0x000000070e400000, 0x000000070e600000|  0%| F|  |TAMS 0x000000070e400000| PB 0x000000070e400000| Untracked |  0
|  75|0x000000070e600000, 0x000000070e600000, 0x000000070e800000|  0%| F|  |TAMS 0x000000070e600000| PB 0x000000070e600000| Untracked |  0
|  76|0x000000070e800000, 0x000000070e800000, 0x000000070ea00000|  0%| F|  |TAMS 0x000000070e800000| PB 0x000000070e800000| Untracked |  0
|  77|0x000000070ea00000, 0x000000070ea00000, 0x000000070ec00000|  0%| F|  |TAMS 0x000000070ea00000| PB 0x000000070ea00000| Untracked |  0
|  78|0x000000070ec00000, 0x000000070ec00000, 0x000000070ee00000|  0%| F|  |TAMS 0x000000070ec00000| PB 0x000000070ec00000| Untracked |  0
|  79|0x000000070ee00000, 0x000000070ee00000, 0x000000070f000000|  0%| F|  |TAMS 0x000000070ee00000| PB 0x000000070ee00000| Untracked |  0
|  80|0x000000070f000000, 0x000000070f000000, 0x000000070f200000|  0%| F|  |TAMS 0x000000070f000000| PB 0x000000070f000000| Untracked |  0
|  81|0x000000070f200000, 0x000000070f200000, 0x000000070f400000|  0%| F|  |TAMS 0x000000070f200000| PB 0x000000070f200000| Untracked |  0
|  82|0x000000070f400000, 0x000000070f400000, 0x000000070f600000|  0%| F|  |TAMS 0x000000070f400000| PB 0x000000070f400000| Untracked |  0
|  83|0x000000070f600000, 0x000000070f600000, 0x000000070f800000|  0%| F|  |TAMS 0x000000070f600000| PB 0x000000070f600000| Untracked |  0
|  84|0x000000070f800000, 0x000000070f800000, 0x000000070fa00000|  0%| F|  |TAMS 0x000000070f800000| PB 0x000000070f800000| Untracked |  0
|  85|0x000000070fa00000, 0x000000070fa00000, 0x000000070fc00000|  0%| F|  |TAMS 0x000000070fa00000| PB 0x000000070fa00000| Untracked |  0
|  86|0x000000070fc00000, 0x000000070fc00000, 0x000000070fe00000|  0%| F|  |TAMS 0x000000070fc00000| PB 0x000000070fc00000| Untracked |  0
|  87|0x000000070fe00000, 0x000000070fe00000, 0x0000000710000000|  0%| F|  |TAMS 0x000000070fe00000| PB 0x000000070fe00000| Untracked |  0
|  88|0x0000000710000000, 0x0000000710000000, 0x0000000710200000|  0%| F|  |TAMS 0x0000000710000000| PB 0x0000000710000000| Untracked |  0
|  89|0x0000000710200000, 0x0000000710200000, 0x0000000710400000|  0%| F|  |TAMS 0x0000000710200000| PB 0x0000000710200000| Untracked |  0
|  90|0x0000000710400000, 0x0000000710400000, 0x0000000710600000|  0%| F|  |TAMS 0x0000000710400000| PB 0x0000000710400000| Untracked |  0
|  91|0x0000000710600000, 0x0000000710600000, 0x0000000710800000|  0%| F|  |TAMS 0x0000000710600000| PB 0x0000000710600000| Untracked |  0
|  92|0x0000000710800000, 0x0000000710800000, 0x0000000710a00000|  0%| F|  |TAMS 0x0000000710800000| PB 0x0000000710800000| Untracked |  0
|  93|0x0000000710a00000, 0x0000000710a00000, 0x0000000710c00000|  0%| F|  |TAMS 0x0000000710a00000| PB 0x0000000710a00000| Untracked |  0
|  94|0x0000000710c00000, 0x0000000710c00000, 0x0000000710e00000|  0%| F|  |TAMS 0x0000000710c00000| PB 0x0000000710c00000| Untracked |  0
|  95|0x0000000710e00000, 0x0000000710e00000, 0x0000000711000000|  0%| F|  |TAMS 0x0000000710e00000| PB 0x0000000710e00000| Untracked |  0
|  96|0x0000000711000000, 0x0000000711000000, 0x0000000711200000|  0%| F|  |TAMS 0x0000000711000000| PB 0x0000000711000000| Untracked |  0
|  97|0x0000000711200000, 0x0000000711200000, 0x0000000711400000|  0%| F|  |TAMS 0x0000000711200000| PB 0x0000000711200000| Untracked |  0
|  98|0x0000000711400000, 0x0000000711400000, 0x0000000711600000|  0%| F|  |TAMS 0x0000000711400000| PB 0x0000000711400000| Untracked |  0
|  99|0x0000000711600000, 0x0000000711600000, 0x0000000711800000|  0%| F|  |TAMS 0x0000000711600000| PB 0x0000000711600000| Untracked |  0
| 100|0x0000000711800000, 0x0000000711800000, 0x0000000711a00000|  0%| F|  |TAMS 0x0000000711800000| PB 0x0000000711800000| Untracked |  0
| 101|0x0000000711a00000, 0x0000000711a00000, 0x0000000711c00000|  0%| F|  |TAMS 0x0000000711a00000| PB 0x0000000711a00000| Untracked |  0
| 102|0x0000000711c00000, 0x0000000711c00000, 0x0000000711e00000|  0%| F|  |TAMS 0x0000000711c00000| PB 0x0000000711c00000| Untracked |  0
| 103|0x0000000711e00000, 0x0000000711e00000, 0x0000000712000000|  0%| F|  |TAMS 0x0000000711e00000| PB 0x0000000711e00000| Untracked |  0
| 104|0x0000000712000000, 0x0000000712000000, 0x0000000712200000|  0%| F|  |TAMS 0x0000000712000000| PB 0x0000000712000000| Untracked |  0
| 105|0x0000000712200000, 0x0000000712200000, 0x0000000712400000|  0%| F|  |TAMS 0x0000000712200000| PB 0x0000000712200000| Untracked |  0
| 106|0x0000000712400000, 0x0000000712400000, 0x0000000712600000|  0%| F|  |TAMS 0x0000000712400000| PB 0x0000000712400000| Untracked |  0
| 107|0x0000000712600000, 0x0000000712600000, 0x0000000712800000|  0%| F|  |TAMS 0x0000000712600000| PB 0x0000000712600000| Untracked |  0
| 108|0x0000000712800000, 0x0000000712800000, 0x0000000712a00000|  0%| F|  |TAMS 0x0000000712800000| PB 0x0000000712800000| Untracked |  0
| 109|0x0000000712a00000, 0x0000000712a00000, 0x0000000712c00000|  0%| F|  |TAMS 0x0000000712a00000| PB 0x0000000712a00000| Untracked |  0
| 110|0x0000000712c00000, 0x0000000712c00000, 0x0000000712e00000|  0%| F|  |TAMS 0x0000000712c00000| PB 0x0000000712c00000| Untracked |  0
| 111|0x0000000712e00000, 0x0000000712e00000, 0x0000000713000000|  0%| F|  |TAMS 0x0000000712e00000| PB 0x0000000712e00000| Untracked |  0
| 112|0x0000000713000000, 0x0000000713000000, 0x0000000713200000|  0%| F|  |TAMS 0x0000000713000000| PB 0x0000000713000000| Untracked |  0
| 113|0x0000000713200000, 0x0000000713200000, 0x0000000713400000|  0%| F|  |TAMS 0x0000000713200000| PB 0x0000000713200000| Untracked |  0
| 114|0x0000000713400000, 0x0000000713400000, 0x0000000713600000|  0%| F|  |TAMS 0x0000000713400000| PB 0x0000000713400000| Untracked |  0
| 115|0x0000000713600000, 0x0000000713600000, 0x0000000713800000|  0%| F|  |TAMS 0x0000000713600000| PB 0x0000000713600000| Untracked |  0
| 116|0x0000000713800000, 0x0000000713800000, 0x0000000713a00000|  0%| F|  |TAMS 0x0000000713800000| PB 0x0000000713800000| Untracked |  0
| 117|0x0000000713a00000, 0x0000000713a00000, 0x0000000713c00000|  0%| F|  |TAMS 0x0000000713a00000| PB 0x0000000713a00000| Untracked |  0
| 118|0x0000000713c00000, 0x0000000713c00000, 0x0000000713e00000|  0%| F|  |TAMS 0x0000000713c00000| PB 0x0000000713c00000| Untracked |  0
| 119|0x0000000713e00000, 0x0000000713f38d70, 0x0000000714000000| 61%| E|  |TAMS 0x0000000713e00000| PB 0x0000000713e00000| Complete |  0
| 120|0x0000000714000000, 0x0000000714200000, 0x0000000714200000|100%| E|CS|TAMS 0x0000000714000000| PB 0x0000000714000000| Complete |  0
| 121|0x0000000714200000, 0x000000071436c518, 0x0000000714400000| 71%| S|CS|TAMS 0x0000000714200000| PB 0x0000000714200000| Complete |  0
| 122|0x0000000714400000, 0x0000000714600000, 0x0000000714600000|100%| S|CS|TAMS 0x0000000714400000| PB 0x0000000714400000| Complete |  1
| 123|0x0000000714600000, 0x0000000714800000, 0x0000000714800000|100%| E|CS|TAMS 0x0000000714600000| PB 0x0000000714600000| Complete |  0
| 124|0x0000000714800000, 0x0000000714a00000, 0x0000000714a00000|100%| E|CS|TAMS 0x0000000714800000| PB 0x0000000714800000| Complete |  0
| 125|0x0000000714a00000, 0x0000000714c00000, 0x0000000714c00000|100%| E|CS|TAMS 0x0000000714a00000| PB 0x0000000714a00000| Complete |  0

Card table byte_map: [0x000001f62eca0000,0x000001f62f480000] _byte_map_base: 0x000001f62b478000

Marking Bits: (CMBitMap*) 0x000001f616ac27d0
 Bits: [0x000001f62f480000, 0x000001f633340000)

Polling page: 0x000001f6161e0000

Metaspace:

Usage:
  Non-class:     16.45 MB used.
      Class:      2.75 MB used.
       Both:     19.20 MB used.

Virtual space:
  Non-class space:       64.00 MB reserved,      16.69 MB ( 26%) committed,  1 nodes.
      Class space:        1.00 GB reserved,       2.94 MB ( <1%) committed,  1 nodes.
             Both:        1.06 GB reserved,      19.62 MB (  2%) committed. 

Chunk freelists:
   Non-Class:  14.73 MB
       Class:  12.89 MB
        Both:  27.62 MB

MaxMetaspaceSize: unlimited
CompressedClassSpaceSize: 1.00 GB
Initial GC threshold: 21.00 MB
Current GC threshold: 32.62 MB
CDS: on
 - commit_granule_bytes: 65536.
 - commit_granule_words: 8192.
 - virtual_space_node_default_size: 8388608.
 - enlarge_chunks_in_place: 1.
 - use_allocation_guard: 0.


Internal statistics:

num_allocs_failed_limit: 0.
num_arena_births: 426.
num_arena_deaths: 0.
num_vsnodes_births: 2.
num_vsnodes_deaths: 0.
num_space_committed: 314.
num_space_uncommitted: 0.
num_chunks_returned_to_freelist: 0.
num_chunks_taken_from_freelist: 1045.
num_chunk_merges: 0.
num_chunk_splits: 721.
num_chunks_enlarged: 536.
num_inconsistent_stats: 0.

CodeHeap 'non-profiled nmethods': size=120064Kb used=1679Kb max_used=2012Kb free=118384Kb
 bounds [0x000001f626c50000, 0x000001f626ec0000, 0x000001f62e190000]
CodeHeap 'profiled nmethods': size=120000Kb used=7546Kb max_used=8646Kb free=112453Kb
 bounds [0x000001f61f190000, 0x000001f61fa20000, 0x000001f6266c0000]
CodeHeap 'non-nmethods': size=5696Kb used=1819Kb max_used=1866Kb free=3876Kb
 bounds [0x000001f6266c0000, 0x000001f626930000, 0x000001f626c50000]
CodeCache: size=245760Kb, used=11044Kb, max_used=12524Kb, free=234713Kb
 total_blobs=5491, nmethods=4639, adapters=756, full_count=0
Compilation: enabled, stopped_count=0, restarted_count=0

Compilation events (20 events):
Event: 21.451 Thread 0x000001f635dafe70 5377       3       javafx.scene.control.skin.LabeledSkinBase::computeMaxHeight (12 bytes)
Event: 21.451 Thread 0x000001f635dafe70 nmethod 5377 0x000001f61f36bd88 code [0x000001f61f36bec0, 0x000001f61f36c0f8]
Event: 21.451 Thread 0x000001f635dafe70 5398       3       javafx.scene.layout.HBox::getSpacing (19 bytes)
Event: 21.452 Thread 0x000001f635dafe70 nmethod 5398 0x000001f61f5d6d08 code [0x000001f61f5d6e60, 0x000001f61f5d7200]
Event: 21.452 Thread 0x000001f635dafe70 5386       3       javafx.scene.control.ScrollBar::getMax (21 bytes)
Event: 21.452 Thread 0x000001f635dafe70 nmethod 5386 0x000001f61f5e1188 code [0x000001f61f5e1300, 0x000001f61f5e16a0]
Event: 21.461 Thread 0x000001f635dafe70 5399       3       javafx.scene.text.Text::wrappingWidthProperty (24 bytes)
Event: 21.462 Thread 0x000001f635dafe70 nmethod 5399 0x000001f61f695a88 code [0x000001f61f695be0, 0x000001f61f6960f8]
Event: 21.462 Thread 0x000001f635dafe70 5406       1       com.sun.scenario.effect.Effect::getInputs (5 bytes)
Event: 21.463 Thread 0x000001f635dafe70 nmethod 5406 0x000001f626c74908 code [0x000001f626c74a20, 0x000001f626c74af0]
Event: 21.463 Thread 0x000001f635dafe70 5371       3       javafx.scene.shape.Shape$StyleableProperties$6::isSettable (23 bytes)
Event: 21.463 Thread 0x000001f635dafe70 nmethod 5371 0x000001f61f630688 code [0x000001f61f6307c0, 0x000001f61f630b70]
Event: 21.464 Thread 0x000001f635dafe70 5384       1       javafx.scene.image.Image$DoublePropertyImpl::get (5 bytes)
Event: 21.464 Thread 0x000001f635dafe70 nmethod 5384 0x000001f626c7a688 code [0x000001f626c7a7a0, 0x000001f626c7a868]
Event: 21.478 Thread 0x000001f635dafe70 5407       1       com.sun.prism.impl.BaseResourcePool::lambda$cleanup$6 (2 bytes)
Event: 21.478 Thread 0x000001f635dafe70 nmethod 5407 0x000001f626c93708 code [0x000001f626c93820, 0x000001f626c938c8]
Event: 21.478 Thread 0x000001f635dafe70 5408       3       com.sun.prism.impl.ManagedResource::isInteresting (13 bytes)
Event: 21.479 Thread 0x000001f635dafe70 nmethod 5408 0x000001f61f335288 code [0x000001f61f3353a0, 0x000001f61f3354f8]
Event: 21.492 Thread 0x000001f635dafe70 5409   !   3       java.util.WeakHashMap::expungeStaleEntries (139 bytes)
Event: 21.493 Thread 0x000001f635dafe70 nmethod 5409 0x000001f61f3c4908 code [0x000001f61f3c4a80, 0x000001f61f3c5368]

GC Heap History (16 events):
Event: 3.411 GC heap before
{Heap before GC invocations=0 (full 0):
 garbage-first heap   total reserved 4112384K, committed 258048K, used 22528K [0x0000000705000000, 0x0000000800000000)
  region size 2048K, 12 young (24576K), 0 survivors (0K)
 Metaspace       used 5174K, committed 5376K, reserved 1114112K
  class space    used 634K, committed 704K, reserved 1048576K
}
Event: 3.417 GC heap after
{Heap after GC invocations=1 (full 0):
 garbage-first heap   total reserved 4112384K, committed 258048K, used 3239K [0x0000000705000000, 0x0000000800000000)
  region size 2048K, 2 young (4096K), 2 survivors (4096K)
 Metaspace       used 5174K, committed 5376K, reserved 1114112K
  class space    used 634K, committed 704K, reserved 1048576K
}
Event: 4.127 GC heap before
{Heap before GC invocations=1 (full 0):
 garbage-first heap   total reserved 4112384K, committed 258048K, used 25767K [0x0000000705000000, 0x0000000800000000)
  region size 2048K, 14 young (28672K), 2 survivors (4096K)
 Metaspace       used 9545K, committed 9792K, reserved 1114112K
  class space    used 1209K, committed 1344K, reserved 1048576K
}
Event: 4.134 GC heap after
{Heap after GC invocations=2 (full 0):
 garbage-first heap   total reserved 4112384K, committed 258048K, used 6818K [0x0000000705000000, 0x0000000800000000)
  region size 2048K, 2 young (4096K), 2 survivors (4096K)
 Metaspace       used 9545K, committed 9792K, reserved 1114112K
  class space    used 1209K, committed 1344K, reserved 1048576K
}
Event: 12.236 GC heap before
{Heap before GC invocations=2 (full 0):
 garbage-first heap   total reserved 4112384K, committed 258048K, used 123554K [0x0000000705000000, 0x0000000800000000)
  region size 2048K, 29 young (59392K), 2 survivors (4096K)
 Metaspace       used 18640K, committed 19008K, reserved 1114112K
  class space    used 2759K, committed 2944K, reserved 1048576K
}
Event: 12.247 GC heap after
{Heap after GC invocations=3 (full 0):
 garbage-first heap   total reserved 4112384K, committed 258048K, used 57922K [0x0000000705000000, 0x0000000800000000)
  region size 2048K, 4 young (8192K), 4 survivors (8192K)
 Metaspace       used 18640K, committed 19008K, reserved 1114112K
  class space    used 2759K, committed 2944K, reserved 1048576K
}
Event: 21.088 GC heap before
{Heap before GC invocations=3 (full 0):
 garbage-first heap   total reserved 4112384K, committed 258048K, used 141890K [0x0000000705000000, 0x0000000800000000)
  region size 2048K, 15 young (30720K), 4 survivors (8192K)
 Metaspace       used 19592K, committed 20032K, reserved 1114112K
  class space    used 2818K, committed 3008K, reserved 1048576K
}
Event: 21.113 GC heap after
{Heap after GC invocations=4 (full 0):
 garbage-first heap   total reserved 4112384K, committed 258048K, used 108935K [0x0000000705000000, 0x0000000800000000)
  region size 2048K, 2 young (4096K), 2 survivors (4096K)
 Metaspace       used 19592K, committed 20032K, reserved 1114112K
  class space    used 2818K, committed 3008K, reserved 1048576K
}
Event: 21.175 GC heap before
{Heap before GC invocations=4 (full 0):
 garbage-first heap   total reserved 4112384K, committed 258048K, used 117127K [0x0000000705000000, 0x0000000800000000)
  region size 2048K, 3 young (6144K), 2 survivors (4096K)
 Metaspace       used 19597K, committed 20032K, reserved 1114112K
  class space    used 2818K, committed 3008K, reserved 1048576K
}
Event: 21.178 GC heap after
{Heap after GC invocations=5 (full 0):
 garbage-first heap   total reserved 4112384K, committed 258048K, used 116884K [0x0000000705000000, 0x0000000800000000)
  region size 2048K, 2 young (4096K), 2 survivors (4096K)
 Metaspace       used 19597K, committed 20032K, reserved 1114112K
  class space    used 2818K, committed 3008K, reserved 1048576K
}
Event: 21.201 GC heap before
{Heap before GC invocations=5 (full 0):
 garbage-first heap   total reserved 4112384K, committed 258048K, used 120980K [0x0000000705000000, 0x0000000800000000)
  region size 2048K, 3 young (6144K), 2 survivors (4096K)
 Metaspace       used 19597K, committed 20032K, reserved 1114112K
  class space    used 2818K, committed 3008K, reserved 1048576K
}
Event: 21.204 GC heap after
{Heap after GC invocations=6 (full 0):
 garbage-first heap   total reserved 4112384K, committed 258048K, used 121122K [0x0000000705000000, 0x0000000800000000)
  region size 2048K, 2 young (4096K), 2 survivors (4096K)
 Metaspace       used 19597K, committed 20032K, reserved 1114112K
  class space    used 2818K, committed 3008K, reserved 1048576K
}
Event: 21.238 GC heap before
{Heap before GC invocations=7 (full 0):
 garbage-first heap   total reserved 4112384K, committed 258048K, used 125218K [0x0000000705000000, 0x0000000800000000)
  region size 2048K, 3 young (6144K), 2 survivors (4096K)
 Metaspace       used 19597K, committed 20032K, reserved 1114112K
  class space    used 2818K, committed 3008K, reserved 1048576K
}
Event: 21.241 GC heap after
{Heap after GC invocations=8 (full 0):
 garbage-first heap   total reserved 4112384K, committed 258048K, used 125118K [0x0000000705000000, 0x0000000800000000)
  region size 2048K, 2 young (4096K), 2 survivors (4096K)
 Metaspace       used 19597K, committed 20032K, reserved 1114112K
  class space    used 2818K, committed 3008K, reserved 1048576K
}
Event: 21.293 GC heap before
{Heap before GC invocations=9 (full 0):
 garbage-first heap   total reserved 4112384K, committed 258048K, used 129214K [0x0000000705000000, 0x0000000800000000)
  region size 2048K, 3 young (6144K), 2 survivors (4096K)
 Metaspace       used 19597K, committed 20032K, reserved 1114112K
  class space    used 2818K, committed 3008K, reserved 1048576K
}
Event: 21.297 GC heap after
{Heap after GC invocations=10 (full 0):
 garbage-first heap   total reserved 4112384K, committed 258048K, used 129082K [0x0000000705000000, 0x0000000800000000)
  region size 2048K, 2 young (4096K), 2 survivors (4096K)
 Metaspace       used 19597K, committed 20032K, reserved 1114112K
  class space    used 2818K, committed 3008K, reserved 1048576K
}

Dll operation events (20 events):
Event: 0.679 Loaded shared library C:\Users\loren\Desktop\JavaFXLibraries\openjfx-23.0.1_windows-x64_bin-sdk\javafx-sdk-23.0.1\bin\api-ms-win-crt-math-l1-1-0.dll
Event: 0.683 Loaded shared library C:\Users\loren\Desktop\JavaFXLibraries\openjfx-23.0.1_windows-x64_bin-sdk\javafx-sdk-23.0.1\bin\api-ms-win-crt-multibyte-l1-1-0.dll
Event: 0.688 Loaded shared library C:\Users\loren\Desktop\JavaFXLibraries\openjfx-23.0.1_windows-x64_bin-sdk\javafx-sdk-23.0.1\bin\api-ms-win-crt-private-l1-1-0.dll
Event: 0.691 Loaded shared library C:\Users\loren\Desktop\JavaFXLibraries\openjfx-23.0.1_windows-x64_bin-sdk\javafx-sdk-23.0.1\bin\api-ms-win-crt-process-l1-1-0.dll
Event: 0.695 Loaded shared library C:\Users\loren\Desktop\JavaFXLibraries\openjfx-23.0.1_windows-x64_bin-sdk\javafx-sdk-23.0.1\bin\api-ms-win-crt-runtime-l1-1-0.dll
Event: 0.699 Loaded shared library C:\Users\loren\Desktop\JavaFXLibraries\openjfx-23.0.1_windows-x64_bin-sdk\javafx-sdk-23.0.1\bin\api-ms-win-crt-stdio-l1-1-0.dll
Event: 0.703 Loaded shared library C:\Users\loren\Desktop\JavaFXLibraries\openjfx-23.0.1_windows-x64_bin-sdk\javafx-sdk-23.0.1\bin\api-ms-win-crt-string-l1-1-0.dll
Event: 0.707 Loaded shared library C:\Users\loren\Desktop\JavaFXLibraries\openjfx-23.0.1_windows-x64_bin-sdk\javafx-sdk-23.0.1\bin\api-ms-win-crt-time-l1-1-0.dll
Event: 0.711 Loaded shared library C:\Users\loren\Desktop\JavaFXLibraries\openjfx-23.0.1_windows-x64_bin-sdk\javafx-sdk-23.0.1\bin\api-ms-win-crt-utility-l1-1-0.dll
Event: 0.716 Loaded shared library C:\Users\loren\Desktop\JavaFXLibraries\openjfx-23.0.1_windows-x64_bin-sdk\javafx-sdk-23.0.1\bin\ucrtbase.dll
Event: 0.719 Loaded shared library C:\Users\loren\Desktop\JavaFXLibraries\openjfx-23.0.1_windows-x64_bin-sdk\javafx-sdk-23.0.1\bin\vcruntime140.dll
Event: 0.722 Loaded shared library C:\Users\loren\Desktop\JavaFXLibraries\openjfx-23.0.1_windows-x64_bin-sdk\javafx-sdk-23.0.1\bin\vcruntime140_1.dll
Event: 0.725 Loaded shared library C:\Users\loren\Desktop\JavaFXLibraries\openjfx-23.0.1_windows-x64_bin-sdk\javafx-sdk-23.0.1\bin\msvcp140.dll
Event: 0.728 Loaded shared library C:\Users\loren\Desktop\JavaFXLibraries\openjfx-23.0.1_windows-x64_bin-sdk\javafx-sdk-23.0.1\bin\msvcp140_1.dll
Event: 0.732 Loaded shared library C:\Users\loren\Desktop\JavaFXLibraries\openjfx-23.0.1_windows-x64_bin-sdk\javafx-sdk-23.0.1\bin\msvcp140_2.dll
Event: 0.792 Loaded shared library C:\Users\loren\Desktop\JavaFXLibraries\openjfx-23.0.1_windows-x64_bin-sdk\javafx-sdk-23.0.1\bin\prism_d3d.dll
Event: 1.057 Loaded shared library C:\Users\loren\Desktop\JavaFXLibraries\openjfx-23.0.1_windows-x64_bin-sdk\javafx-sdk-23.0.1\bin\glass.dll
Event: 1.474 Loaded shared library C:\Program Files\Java\jdk-23\bin\jimage.dll
Event: 3.967 Loaded shared library C:\Users\loren\Desktop\JavaFXLibraries\openjfx-23.0.1_windows-x64_bin-sdk\javafx-sdk-23.0.1\bin\javafx_font.dll
Event: 4.386 Loaded shared library C:\Users\loren\Desktop\JavaFXLibraries\openjfx-23.0.1_windows-x64_bin-sdk\javafx-sdk-23.0.1\bin\javafx_iio.dll

Deoptimization events (20 events):
Event: 21.329 Thread 0x000001f61473d6d0 Uncommon trap: trap_request=0xffffff45 fr.pc=0x000001f626d17534 relative=0x0000000000000094
Event: 21.329 Thread 0x000001f61473d6d0 Uncommon trap: reason=unstable_if action=reinterpret pc=0x000001f626d17534 method=java.lang.ref.ReferenceQueue.poll()Ljava/lang/ref/Reference; @ 4 c2
Event: 21.329 Thread 0x000001f61473d6d0 DEOPT PACKING pc=0x000001f626d17534 sp=0x0000002a8fffa600
Event: 21.329 Thread 0x000001f61473d6d0 DEOPT UNPACKING pc=0x000001f626714402 sp=0x0000002a8fffa4e8 mode 2
Event: 21.392 Thread 0x000001f61473d6d0 Uncommon trap: trap_request=0xffffffbe fr.pc=0x000001f626c72acc relative=0x0000000000000f6c
Event: 21.392 Thread 0x000001f61473d6d0 Uncommon trap: reason=profile_predicate action=maybe_recompile pc=0x000001f626c72acc method=javafx.scene.CssStyleHelper$CacheContainer.<init>(Ljavafx/scene/Node;Lcom/sun/javafx/css/StyleMap;I)V @ 164 c2
Event: 21.392 Thread 0x000001f61473d6d0 DEOPT PACKING pc=0x000001f626c72acc sp=0x0000002a8fff9cf0
Event: 21.392 Thread 0x000001f61473d6d0 DEOPT UNPACKING pc=0x000001f626714402 sp=0x0000002a8fff9ca8 mode 2
Event: 21.392 Thread 0x000001f61473d6d0 Uncommon trap: trap_request=0xffffffbe fr.pc=0x000001f626c72acc relative=0x0000000000000f6c
Event: 21.392 Thread 0x000001f61473d6d0 Uncommon trap: reason=profile_predicate action=maybe_recompile pc=0x000001f626c72acc method=javafx.scene.CssStyleHelper$CacheContainer.<init>(Ljavafx/scene/Node;Lcom/sun/javafx/css/StyleMap;I)V @ 164 c2
Event: 21.392 Thread 0x000001f61473d6d0 DEOPT PACKING pc=0x000001f626c72acc sp=0x0000002a8fff9cf0
Event: 21.392 Thread 0x000001f61473d6d0 DEOPT UNPACKING pc=0x000001f626714402 sp=0x0000002a8fff9ca8 mode 2
Event: 21.393 Thread 0x000001f61473d6d0 Uncommon trap: trap_request=0xffffffbe fr.pc=0x000001f626c72acc relative=0x0000000000000f6c
Event: 21.393 Thread 0x000001f61473d6d0 Uncommon trap: reason=profile_predicate action=maybe_recompile pc=0x000001f626c72acc method=javafx.scene.CssStyleHelper$CacheContainer.<init>(Ljavafx/scene/Node;Lcom/sun/javafx/css/StyleMap;I)V @ 164 c2
Event: 21.393 Thread 0x000001f61473d6d0 DEOPT PACKING pc=0x000001f626c72acc sp=0x0000002a8fff9de0
Event: 21.393 Thread 0x000001f61473d6d0 DEOPT UNPACKING pc=0x000001f626714402 sp=0x0000002a8fff9d98 mode 2
Event: 21.394 Thread 0x000001f61473d6d0 Uncommon trap: trap_request=0xffffffbe fr.pc=0x000001f626c72acc relative=0x0000000000000f6c
Event: 21.394 Thread 0x000001f61473d6d0 Uncommon trap: reason=profile_predicate action=maybe_recompile pc=0x000001f626c72acc method=javafx.scene.CssStyleHelper$CacheContainer.<init>(Ljavafx/scene/Node;Lcom/sun/javafx/css/StyleMap;I)V @ 164 c2
Event: 21.394 Thread 0x000001f61473d6d0 DEOPT PACKING pc=0x000001f626c72acc sp=0x0000002a8fff9dc0
Event: 21.394 Thread 0x000001f61473d6d0 DEOPT UNPACKING pc=0x000001f626714402 sp=0x0000002a8fff9d78 mode 2

Classes loaded (20 events):
Event: 6.056 Loading class sun/misc/Unsafe
Event: 6.058 Loading class sun/misc/Unsafe done
Event: 6.058 Loading class sun/misc/Unsafe$MemoryAccessOption
Event: 6.058 Loading class sun/misc/Unsafe$MemoryAccessOption done
Event: 6.087 Loading class java/nio/ShortBuffer
Event: 6.088 Loading class java/nio/ShortBuffer done
Event: 6.088 Loading class java/nio/DoubleBuffer
Event: 6.088 Loading class java/nio/DoubleBuffer done
Event: 6.090 Loading class java/nio/DirectFloatBufferU
Event: 6.090 Loading class java/nio/DirectFloatBufferU done
Event: 6.093 Loading class java/lang/FdLibm$Atan2
Event: 6.094 Loading class java/lang/FdLibm$Atan2 done
Event: 10.719 Loading class java/util/EnumMap$Values
Event: 10.719 Loading class java/util/EnumMap$Values done
Event: 10.719 Loading class java/util/EnumMap$ValueIterator
Event: 10.719 Loading class java/util/EnumMap$EnumMapIterator
Event: 10.719 Loading class java/util/EnumMap$EnumMapIterator done
Event: 10.719 Loading class java/util/EnumMap$ValueIterator done
Event: 12.207 Loading class java/io/UnsupportedEncodingException
Event: 12.207 Loading class java/io/UnsupportedEncodingException done

Classes unloaded (0 events):
No events

Classes redefined (0 events):
No events

Internal exceptions (20 events):
Event: 5.216 Thread 0x000001f61473d6d0 Exception <a 'java/lang/ClassNotFoundException'{0x000000071338af88}: com/sun/javafx/scene/control/skin/resources/controls_it> (0x000000071338af88) 
thrown [s\open\src\hotspot\share\prims\jni.cpp, line 539]
Event: 5.217 Thread 0x000001f61473d6d0 Exception <a 'java/lang/ClassNotFoundException'{0x0000000713398e88}: com/sun/javafx/scene/control/skin/resources/controls_it_IT> (0x0000000713398e88) 
thrown [s\open\src\hotspot\share\prims\jni.cpp, line 539]
Event: 5.268 Thread 0x000001f61473d6d0 Exception <a 'java/lang/NoSuchMethodError'{0x0000000713146c98}: 'void java.lang.invoke.DirectMethodHandle$Holder.invokeSpecial(java.lang.Object, java.lang.Object, java.lang.Object, java.lang.Object, java.lang.Object, java.lang.Object)'> (0x0000000713146c98) 
thrown [s\open\src\hotspot\share\interpreter\linkResolver.cpp, line 796]
Event: 5.273 Thread 0x000001f61473d6d0 Exception <a 'java/lang/IncompatibleClassChangeError'{0x00000007131663c0}: Found class java.lang.Object, but interface was expected> (0x00000007131663c0) 
thrown [s\open\src\hotspot\share\interpreter\linkResolver.cpp, line 863]
Event: 5.645 Thread 0x000001f61473d6d0 Exception <a 'java/lang/NoSuchMethodError'{0x000000071213c238}: 'int java.lang.invoke.DirectMethodHandle$Holder.invokeSpecial(java.lang.Object, java.lang.Object, int)'> (0x000000071213c238) 
thrown [s\open\src\hotspot\share\interpreter\linkResolver.cpp, line 796]
Event: 5.770 Thread 0x000001f61473d6d0 Exception <a 'java/io/FileNotFoundException'{0x0000000711fc32e0}> (0x0000000711fc32e0) 
thrown [s\open\src\hotspot\share\prims\jni.cpp, line 520]
Event: 5.801 Thread 0x000001f61473d6d0 Exception <a 'java/io/FileNotFoundException'{0x0000000711c59da0}> (0x0000000711c59da0) 
thrown [s\open\src\hotspot\share\prims\jni.cpp, line 520]
Event: 5.801 Thread 0x000001f61473d6d0 Exception <a 'java/io/FileNotFoundException'{0x0000000711c5b138}> (0x0000000711c5b138) 
thrown [s\open\src\hotspot\share\prims\jni.cpp, line 520]
Event: 5.803 Thread 0x000001f61473d6d0 Exception <a 'java/io/FileNotFoundException'{0x0000000711ca9b30}> (0x0000000711ca9b30) 
thrown [s\open\src\hotspot\share\prims\jni.cpp, line 520]
Event: 5.804 Thread 0x000001f61473d6d0 Exception <a 'java/io/FileNotFoundException'{0x0000000711caaec8}> (0x0000000711caaec8) 
thrown [s\open\src\hotspot\share\prims\jni.cpp, line 520]
Event: 5.880 Thread 0x000001f61473d6d0 Exception <a 'java/lang/NoSuchMethodError'{0x0000000711a6c208}: 'java.lang.Object java.lang.invoke.DirectMethodHandle$Holder.newInvokeSpecial(java.lang.Object, java.lang.Object, int)'> (0x0000000711a6c208) 
thrown [s\open\src\hotspot\share\interpreter\linkResolver.cpp, line 796]
Event: 5.980 Thread 0x000001f67b9ec540 Exception <a 'java/lang/NoSuchMethodError'{0x000000071187b770}: 'int java.lang.invoke.DirectMethodHandle$Holder.invokeStaticInit(java.lang.Object, java.lang.Object)'> (0x000000071187b770) 
thrown [s\open\src\hotspot\share\interpreter\linkResolver.cpp, line 796]
Event: 5.981 Thread 0x000001f61473d6d0 Exception <a 'java/lang/NoSuchMethodError'{0x0000000711832510}: 'long java.lang.invoke.DirectMethodHandle$Holder.invokeStatic(java.lang.Object, java.lang.Object, java.lang.Object)'> (0x0000000711832510) 
thrown [s\open\src\hotspot\share\interpreter\linkResolver.cpp, line 796]
Event: 5.981 Thread 0x000001f61473d6d0 Exception <a 'java/lang/NoSuchMethodError'{0x00000007118358f8}: 'long java.lang.invoke.DirectMethodHandle$Holder.invokeStaticInit(java.lang.Object, java.lang.Object, java.lang.Object)'> (0x00000007118358f8) 
thrown [s\open\src\hotspot\share\interpreter\linkResolver.cpp, line 796]
Event: 5.985 Thread 0x000001f61473d6d0 Exception <a 'java/lang/NoSuchMethodError'{0x000000071184a1a0}: 'java.lang.Object java.lang.invoke.DirectMethodHandle$Holder.newInvokeSpecial(java.lang.Object, java.lang.Object, long)'> (0x000000071184a1a0) 
thrown [s\open\src\hotspot\share\interpreter\linkResolver.cpp, line 796]
Event: 5.986 Thread 0x000001f61473d6d0 Exception <a 'java/lang/NoSuchMethodError'{0x000000071184dac0}: 'java.lang.Object java.lang.invoke.Invokers$Holder.linkToTargetMethod(java.lang.Object, long, java.lang.Object)'> (0x000000071184dac0) 
thrown [s\open\src\hotspot\share\interpreter\linkResolver.cpp, line 796]
Event: 6.168 Thread 0x000001f67b9ec540 Exception <a 'java/lang/NoSuchMethodError'{0x00000007115140e8}: 'java.lang.Object java.lang.invoke.DirectMethodHandle$Holder.invokeStaticInit(java.lang.Object, int)'> (0x00000007115140e8) 
thrown [s\open\src\hotspot\share\interpreter\linkResolver.cpp, line 796]
Event: 10.814 Thread 0x000001f61473d6d0 Exception <a 'java/lang/NoSuchMethodError'{0x00000007112a34d8}: 'java.lang.Object java.lang.invoke.DirectMethodHandle$Holder.newInvokeSpecial(java.lang.Object, java.lang.Object, java.lang.Object, double, double, double, double, int, int, int, int, int, int, int, int, int)'> (0x00000007112a34d8) 
thrown [s\open\src\hotspot\share\interpreter\linkResolver.cpp, line 796]
Event: 14.528 Thread 0x000001f61473d6d0 Implicit null exception at 0x000001f626d4e94e to 0x000001f626d4eb98
Event: 15.032 Thread 0x000001f67b9ec540 Implicit null exception at 0x000001f626da1ce1 to 0x000001f626da2670

VM Operations (20 events):
Event: 21.175 Executing VM operation: G1TryInitiateConcMark (G1 Humongous Allocation)
Event: 21.178 Executing VM operation: G1TryInitiateConcMark (G1 Humongous Allocation) done
Event: 21.201 Executing VM operation: G1TryInitiateConcMark (G1 Humongous Allocation)
Event: 21.204 Executing VM operation: G1TryInitiateConcMark (G1 Humongous Allocation) done
Event: 21.222 Executing VM operation: G1PauseRemark
Event: 21.225 Executing VM operation: G1PauseRemark done
Event: 21.230 Executing VM operation: G1PauseCleanup
Event: 21.230 Executing VM operation: G1PauseCleanup done
Event: 21.238 Executing VM operation: G1TryInitiateConcMark (G1 Humongous Allocation)
Event: 21.241 Executing VM operation: G1TryInitiateConcMark (G1 Humongous Allocation) done
Event: 21.256 Executing VM operation: G1PauseRemark
Event: 21.281 Executing VM operation: G1PauseRemark done
Event: 21.285 Executing VM operation: G1PauseCleanup
Event: 21.285 Executing VM operation: G1PauseCleanup done
Event: 21.293 Executing VM operation: G1TryInitiateConcMark (G1 Humongous Allocation)
Event: 21.297 Executing VM operation: G1TryInitiateConcMark (G1 Humongous Allocation) done
Event: 21.313 Executing VM operation: G1PauseRemark
Event: 21.315 Executing VM operation: G1PauseRemark done
Event: 21.320 Executing VM operation: G1PauseCleanup
Event: 21.320 Executing VM operation: G1PauseCleanup done

Memory protections (0 events):
No events

Nmethod flushes (20 events):
Event: 21.270 Thread 0x000001f635d79f50 flushing  nmethod 0x000001f61f5d6d08
Event: 21.270 Thread 0x000001f635d79f50 flushing  nmethod 0x000001f61f5d7008
Event: 21.270 Thread 0x000001f635d79f50 flushing  nmethod 0x000001f61f678708
Event: 21.270 Thread 0x000001f635d79f50 flushing  nmethod 0x000001f61f67aa08
Event: 21.270 Thread 0x000001f635d79f50 flushing  nmethod 0x000001f61f67b608
Event: 21.270 Thread 0x000001f635d79f50 flushing  nmethod 0x000001f61f67d288
Event: 21.270 Thread 0x000001f635d79f50 flushing  nmethod 0x000001f61f6a6208
Event: 21.270 Thread 0x000001f635d79f50 flushing  nmethod 0x000001f61f6a7208
Event: 21.270 Thread 0x000001f635d79f50 flushing  nmethod 0x000001f61f6a8c88
Event: 21.270 Thread 0x000001f635d79f50 flushing osr nmethod 0x000001f61f6ab608
Event: 21.270 Thread 0x000001f635d79f50 flushing  nmethod 0x000001f61f6d1b08
Event: 21.270 Thread 0x000001f635d79f50 flushing  nmethod 0x000001f61f727c88
Event: 21.270 Thread 0x000001f635d79f50 flushing  nmethod 0x000001f61f72f488
Event: 21.270 Thread 0x000001f635d79f50 flushing osr nmethod 0x000001f61f8de888
Event: 21.270 Thread 0x000001f635d79f50 flushing osr nmethod 0x000001f61f927288
Event: 21.270 Thread 0x000001f635d79f50 flushing  nmethod 0x000001f61f930888
Event: 21.315 Thread 0x000001f635d79f50 flushing  nmethod 0x000001f61f374308
Event: 21.315 Thread 0x000001f635d79f50 flushing  nmethod 0x000001f61f4a2288
Event: 21.315 Thread 0x000001f635d79f50 flushing  nmethod 0x000001f61f467388
Event: 21.315 Thread 0x000001f635d79f50 flushing  nmethod 0x000001f61f4b9588

Events (20 events):
Event: 5.185 Thread 0x000001f635dafe70 Thread added: 0x000001f67c1bca00
Event: 5.306 Thread 0x000001f61473d6d0 Thread added: 0x000001f67c2d0c90
Event: 5.464 Thread 0x000001f635dafe70 Thread added: 0x000001f67c1be540
Event: 6.048 Thread 0x000001f67b9ec540 Thread added: 0x000001f67c2d1320
Event: 6.075 Thread 0x000001f67c1be540 Thread exited: 0x000001f67c1be540
Event: 6.276 Thread 0x000001f67c1bca00 Thread exited: 0x000001f67c1bca00
Event: 12.218 Thread 0x000001f635dab3e0 Thread added: 0x000001f67c1bb590
Event: 12.218 Thread 0x000001f635dab3e0 Thread added: 0x000001f67c1bd7a0
Event: 12.592 Thread 0x000001f67c1bd7a0 Thread exited: 0x000001f67c1bd7a0
Event: 12.592 Thread 0x000001f67c1bb590 Thread exited: 0x000001f67c1bb590
Event: 14.558 Thread 0x000001f635dafe70 Thread added: 0x000001f67c1bca00
Event: 14.699 Thread 0x000001f635dafe70 Thread added: 0x000001f67c1bc330
Event: 16.058 Thread 0x000001f67c1bc330 Thread exited: 0x000001f67c1bc330
Event: 16.058 Thread 0x000001f67c1bca00 Thread exited: 0x000001f67c1bca00
Event: 17.230 Thread 0x000001f635dafe70 Thread added: 0x000001f67c1bca00
Event: 17.230 Thread 0x000001f635dafe70 Thread added: 0x000001f67c1bde70
Event: 17.785 Thread 0x000001f67c1bde70 Thread exited: 0x000001f67c1bde70
Event: 17.785 Thread 0x000001f67c1bca00 Thread exited: 0x000001f67c1bca00
Event: 20.786 Thread 0x000001f635dafe70 Thread added: 0x000001f67c1bca00
Event: 21.052 Thread 0x000001f635dafe70 Thread added: 0x000001f67c1bb590


Dynamic libraries:
0x00007ff781630000 - 0x00007ff781640000 	C:\Program Files\Java\jdk-23\bin\javaw.exe
0x00007ffca3900000 - 0x00007ffca3b68000 	C:\WINDOWS\SYSTEM32\ntdll.dll
0x00007ffca2760000 - 0x00007ffca2829000 	C:\WINDOWS\System32\KERNEL32.DLL
0x00007ffca12a0000 - 0x00007ffca1698000 	C:\WINDOWS\System32\KERNELBASE.dll
0x00007ffca0c80000 - 0x00007ffca0dcb000 	C:\WINDOWS\System32\ucrtbase.dll
0x00007ffc28f20000 - 0x00007ffc28f37000 	C:\Program Files\Java\jdk-23\bin\jli.dll
0x00007ffca3540000 - 0x00007ffca3707000 	C:\WINDOWS\System32\USER32.dll
0x00007ffca1070000 - 0x00007ffca1097000 	C:\WINDOWS\System32\win32u.dll
0x00007ffc28f40000 - 0x00007ffc28f5b000 	C:\Program Files\Java\jdk-23\bin\VCRUNTIME140.dll
0x00007ffc8d6b0000 - 0x00007ffc8d944000 	C:\WINDOWS\WinSxS\amd64_microsoft.windows.common-controls_6595b64144ccf1df_6.0.26100.7019_none_3e06ffa0e335b8a8\COMCTL32.dll
0x00007ffca22e0000 - 0x00007ffca2389000 	C:\WINDOWS\System32\msvcrt.dll
0x00007ffca2ce0000 - 0x00007ffca2d0b000 	C:\WINDOWS\System32\GDI32.dll
0x00007ffca0dd0000 - 0x00007ffca0efc000 	C:\WINDOWS\System32\gdi32full.dll
0x00007ffca1160000 - 0x00007ffca1203000 	C:\WINDOWS\System32\msvcp_win.dll
0x00007ffca3480000 - 0x00007ffca34b1000 	C:\WINDOWS\System32\IMM32.DLL
0x00007ffc5aee0000 - 0x00007ffc5aeec000 	C:\Program Files\Java\jdk-23\bin\vcruntime140_1.dll
0x00007ffc28e90000 - 0x00007ffc28f1e000 	C:\Program Files\Java\jdk-23\bin\msvcp140.dll
0x00007ffc28140000 - 0x00007ffc28e8f000 	C:\Program Files\Java\jdk-23\bin\server\jvm.dll
0x00007ffca1840000 - 0x00007ffca18f4000 	C:\WINDOWS\System32\ADVAPI32.dll
0x00007ffca3710000 - 0x00007ffca37b6000 	C:\WINDOWS\System32\sechost.dll
0x00007ffca1980000 - 0x00007ffca1a98000 	C:\WINDOWS\System32\RPCRT4.dll
0x00007ffca34c0000 - 0x00007ffca3534000 	C:\WINDOWS\System32\WS2_32.dll
0x00007ffca08d0000 - 0x00007ffca092e000 	C:\WINDOWS\SYSTEM32\POWRPROF.dll
0x00007ffc997a0000 - 0x00007ffc997d5000 	C:\WINDOWS\SYSTEM32\WINMM.dll
0x00007ffc997e0000 - 0x00007ffc997eb000 	C:\WINDOWS\SYSTEM32\VERSION.dll
0x00007ffca08b0000 - 0x00007ffca08c4000 	C:\WINDOWS\SYSTEM32\UMPDC.dll
0x00007ffc9f7f0000 - 0x00007ffc9f80b000 	C:\WINDOWS\SYSTEM32\kernel.appcore.dll
0x00007ffc52d50000 - 0x00007ffc52d5a000 	C:\Program Files\Java\jdk-23\bin\jimage.dll
0x00007ffc92850000 - 0x00007ffc92a92000 	C:\WINDOWS\SYSTEM32\DBGHELP.DLL
0x00007ffca2f60000 - 0x00007ffca32eb000 	C:\WINDOWS\System32\combase.dll
0x00007ffca2390000 - 0x00007ffca2467000 	C:\WINDOWS\System32\OLEAUT32.dll
0x00007ffc8b910000 - 0x00007ffc8b94c000 	C:\WINDOWS\SYSTEM32\dbgcore.DLL
0x00007ffca0bd0000 - 0x00007ffca0c75000 	C:\WINDOWS\System32\bcryptPrimitives.dll
0x00007ffc28120000 - 0x00007ffc2813e000 	C:\Program Files\Java\jdk-23\bin\java.dll
0x00007ffca16a0000 - 0x00007ffca1837000 	C:\WINDOWS\System32\ole32.dll
0x00007ffca1aa0000 - 0x00007ffca21ef000 	C:\WINDOWS\System32\SHELL32.dll
0x00007ffca0f00000 - 0x00007ffca106b000 	C:\WINDOWS\System32\wintypes.dll
0x00007ffc9e650000 - 0x00007ffc9eead000 	C:\WINDOWS\SYSTEM32\windows.storage.dll
0x00007ffca32f0000 - 0x00007ffca33e2000 	C:\WINDOWS\System32\SHCORE.dll
0x00007ffca2d10000 - 0x00007ffca2d77000 	C:\WINDOWS\System32\shlwapi.dll
0x00007ffca0970000 - 0x00007ffca0999000 	C:\WINDOWS\SYSTEM32\profapi.dll
0x00007ffc28040000 - 0x00007ffc28117000 	C:\Program Files\Java\jdk-23\bin\jsvml.dll
0x00007ffc69ef0000 - 0x00007ffc69f00000 	C:\Program Files\Java\jdk-23\bin\net.dll
0x00007ffc9fd80000 - 0x00007ffc9fdeb000 	C:\WINDOWS\system32\mswsock.dll
0x00007ffc69ed0000 - 0x00007ffc69ee6000 	C:\Program Files\Java\jdk-23\bin\nio.dll
0x00007ffc69eb0000 - 0x00007ffc69ec7000 	C:\Program Files\Java\jdk-23\bin\zip.dll
0x000001f6169f0000 - 0x000001f6169f3000 	C:\Users\loren\Desktop\JavaFXLibraries\openjfx-23.0.1_windows-x64_bin-sdk\javafx-sdk-23.0.1\bin\api-ms-win-core-console-l1-1-0.dll
0x000001f616a00000 - 0x000001f616a03000 	C:\Users\loren\Desktop\JavaFXLibraries\openjfx-23.0.1_windows-x64_bin-sdk\javafx-sdk-23.0.1\bin\api-ms-win-core-console-l1-2-0.dll
0x000001f616a10000 - 0x000001f616a13000 	C:\Users\loren\Desktop\JavaFXLibraries\openjfx-23.0.1_windows-x64_bin-sdk\javafx-sdk-23.0.1\bin\api-ms-win-core-datetime-l1-1-0.dll
0x000001f635f60000 - 0x000001f635f63000 	C:\Users\loren\Desktop\JavaFXLibraries\openjfx-23.0.1_windows-x64_bin-sdk\javafx-sdk-23.0.1\bin\api-ms-win-core-debug-l1-1-0.dll
0x000001f635f70000 - 0x000001f635f73000 	C:\Users\loren\Desktop\JavaFXLibraries\openjfx-23.0.1_windows-x64_bin-sdk\javafx-sdk-23.0.1\bin\api-ms-win-core-errorhandling-l1-1-0.dll
0x000001f635f80000 - 0x000001f635f84000 	C:\Users\loren\Desktop\JavaFXLibraries\openjfx-23.0.1_windows-x64_bin-sdk\javafx-sdk-23.0.1\bin\api-ms-win-core-file-l1-1-0.dll
0x000001f635f90000 - 0x000001f635f93000 	C:\Users\loren\Desktop\JavaFXLibraries\openjfx-23.0.1_windows-x64_bin-sdk\javafx-sdk-23.0.1\bin\api-ms-win-core-file-l1-2-0.dll
0x000001f635fa0000 - 0x000001f635fa3000 	C:\Users\loren\Desktop\JavaFXLibraries\openjfx-23.0.1_windows-x64_bin-sdk\javafx-sdk-23.0.1\bin\api-ms-win-core-file-l2-1-0.dll
0x000001f635fb0000 - 0x000001f635fb3000 	C:\Users\loren\Desktop\JavaFXLibraries\openjfx-23.0.1_windows-x64_bin-sdk\javafx-sdk-23.0.1\bin\api-ms-win-core-handle-l1-1-0.dll
0x000001f635fc0000 - 0x000001f635fc3000 	C:\Users\loren\Desktop\JavaFXLibraries\openjfx-23.0.1_windows-x64_bin-sdk\javafx-sdk-23.0.1\bin\api-ms-win-core-heap-l1-1-0.dll
0x000001f635fd0000 - 0x000001f635fd3000 	C:\Users\loren\Desktop\JavaFXLibraries\openjfx-23.0.1_windows-x64_bin-sdk\javafx-sdk-23.0.1\bin\api-ms-win-core-interlocked-l1-1-0.dll
0x000001f635fe0000 - 0x000001f635fe3000 	C:\Users\loren\Desktop\JavaFXLibraries\openjfx-23.0.1_windows-x64_bin-sdk\javafx-sdk-23.0.1\bin\api-ms-win-core-libraryloader-l1-1-0.dll
0x000001f635ff0000 - 0x000001f635ff3000 	C:\Users\loren\Desktop\JavaFXLibraries\openjfx-23.0.1_windows-x64_bin-sdk\javafx-sdk-23.0.1\bin\api-ms-win-core-localization-l1-2-0.dll
0x000001f67cbd0000 - 0x000001f67cbd3000 	C:\Users\loren\Desktop\JavaFXLibraries\openjfx-23.0.1_windows-x64_bin-sdk\javafx-sdk-23.0.1\bin\api-ms-win-core-memory-l1-1-0.dll
0x000001f67cbe0000 - 0x000001f67cbe3000 	C:\Users\loren\Desktop\JavaFXLibraries\openjfx-23.0.1_windows-x64_bin-sdk\javafx-sdk-23.0.1\bin\api-ms-win-core-namedpipe-l1-1-0.dll
0x000001f67cbf0000 - 0x000001f67cbf3000 	C:\Users\loren\Desktop\JavaFXLibraries\openjfx-23.0.1_windows-x64_bin-sdk\javafx-sdk-23.0.1\bin\api-ms-win-core-processenvironment-l1-1-0.dll
0x000001f67cc00000 - 0x000001f67cc03000 	C:\Users\loren\Desktop\JavaFXLibraries\openjfx-23.0.1_windows-x64_bin-sdk\javafx-sdk-23.0.1\bin\api-ms-win-core-processthreads-l1-1-0.dll
0x000001f67cc10000 - 0x000001f67cc13000 	C:\Users\loren\Desktop\JavaFXLibraries\openjfx-23.0.1_windows-x64_bin-sdk\javafx-sdk-23.0.1\bin\api-ms-win-core-processthreads-l1-1-1.dll
0x000001f67cc20000 - 0x000001f67cc23000 	C:\Users\loren\Desktop\JavaFXLibraries\openjfx-23.0.1_windows-x64_bin-sdk\javafx-sdk-23.0.1\bin\api-ms-win-core-profile-l1-1-0.dll
0x000001f67cc30000 - 0x000001f67cc33000 	C:\Users\loren\Desktop\JavaFXLibraries\openjfx-23.0.1_windows-x64_bin-sdk\javafx-sdk-23.0.1\bin\api-ms-win-core-rtlsupport-l1-1-0.dll
0x000001f67cc40000 - 0x000001f67cc43000 	C:\Users\loren\Desktop\JavaFXLibraries\openjfx-23.0.1_windows-x64_bin-sdk\javafx-sdk-23.0.1\bin\api-ms-win-core-string-l1-1-0.dll
0x000001f67cc50000 - 0x000001f67cc53000 	C:\Users\loren\Desktop\JavaFXLibraries\openjfx-23.0.1_windows-x64_bin-sdk\javafx-sdk-23.0.1\bin\api-ms-win-core-synch-l1-1-0.dll
0x000001f67cc60000 - 0x000001f67cc63000 	C:\Users\loren\Desktop\JavaFXLibraries\openjfx-23.0.1_windows-x64_bin-sdk\javafx-sdk-23.0.1\bin\api-ms-win-core-synch-l1-2-0.dll
0x000001f67cc70000 - 0x000001f67cc73000 	C:\Users\loren\Desktop\JavaFXLibraries\openjfx-23.0.1_windows-x64_bin-sdk\javafx-sdk-23.0.1\bin\api-ms-win-core-sysinfo-l1-1-0.dll
0x000001f67cc80000 - 0x000001f67cc83000 	C:\Users\loren\Desktop\JavaFXLibraries\openjfx-23.0.1_windows-x64_bin-sdk\javafx-sdk-23.0.1\bin\api-ms-win-core-timezone-l1-1-0.dll
0x000001f67cc90000 - 0x000001f67cc93000 	C:\Users\loren\Desktop\JavaFXLibraries\openjfx-23.0.1_windows-x64_bin-sdk\javafx-sdk-23.0.1\bin\api-ms-win-core-util-l1-1-0.dll
0x000001f67cca0000 - 0x000001f67cca3000 	C:\Users\loren\Desktop\JavaFXLibraries\openjfx-23.0.1_windows-x64_bin-sdk\javafx-sdk-23.0.1\bin\api-ms-win-crt-conio-l1-1-0.dll
0x000001f67ccb0000 - 0x000001f67ccb4000 	C:\Users\loren\Desktop\JavaFXLibraries\openjfx-23.0.1_windows-x64_bin-sdk\javafx-sdk-23.0.1\bin\api-ms-win-crt-convert-l1-1-0.dll
0x000001f67ccc0000 - 0x000001f67ccc3000 	C:\Users\loren\Desktop\JavaFXLibraries\openjfx-23.0.1_windows-x64_bin-sdk\javafx-sdk-23.0.1\bin\api-ms-win-crt-environment-l1-1-0.dll
0x000001f67ccd0000 - 0x000001f67ccd3000 	C:\Users\loren\Desktop\JavaFXLibraries\openjfx-23.0.1_windows-x64_bin-sdk\javafx-sdk-23.0.1\bin\api-ms-win-crt-filesystem-l1-1-0.dll
0x000001f67cce0000 - 0x000001f67cce3000 	C:\Users\loren\Desktop\JavaFXLibraries\openjfx-23.0.1_windows-x64_bin-sdk\javafx-sdk-23.0.1\bin\api-ms-win-crt-heap-l1-1-0.dll
0x000001f67ccf0000 - 0x000001f67ccf3000 	C:\Users\loren\Desktop\JavaFXLibraries\openjfx-23.0.1_windows-x64_bin-sdk\javafx-sdk-23.0.1\bin\api-ms-win-crt-locale-l1-1-0.dll
0x000001f67cd00000 - 0x000001f67cd05000 	C:\Users\loren\Desktop\JavaFXLibraries\openjfx-23.0.1_windows-x64_bin-sdk\javafx-sdk-23.0.1\bin\api-ms-win-crt-math-l1-1-0.dll
0x000001f67cd10000 - 0x000001f67cd15000 	C:\Users\loren\Desktop\JavaFXLibraries\openjfx-23.0.1_windows-x64_bin-sdk\javafx-sdk-23.0.1\bin\api-ms-win-crt-multibyte-l1-1-0.dll
0x000001f67cd20000 - 0x000001f67cd30000 	C:\Users\loren\Desktop\JavaFXLibraries\openjfx-23.0.1_windows-x64_bin-sdk\javafx-sdk-23.0.1\bin\api-ms-win-crt-private-l1-1-0.dll
0x000001f67cd30000 - 0x000001f67cd33000 	C:\Users\loren\Desktop\JavaFXLibraries\openjfx-23.0.1_windows-x64_bin-sdk\javafx-sdk-23.0.1\bin\api-ms-win-crt-process-l1-1-0.dll
0x000001f67cd40000 - 0x000001f67cd44000 	C:\Users\loren\Desktop\JavaFXLibraries\openjfx-23.0.1_windows-x64_bin-sdk\javafx-sdk-23.0.1\bin\api-ms-win-crt-runtime-l1-1-0.dll
0x000001f67cd50000 - 0x000001f67cd54000 	C:\Users\loren\Desktop\JavaFXLibraries\openjfx-23.0.1_windows-x64_bin-sdk\javafx-sdk-23.0.1\bin\api-ms-win-crt-stdio-l1-1-0.dll
0x000001f67cd60000 - 0x000001f67cd64000 	C:\Users\loren\Desktop\JavaFXLibraries\openjfx-23.0.1_windows-x64_bin-sdk\javafx-sdk-23.0.1\bin\api-ms-win-crt-string-l1-1-0.dll
0x000001f67cd70000 - 0x000001f67cd73000 	C:\Users\loren\Desktop\JavaFXLibraries\openjfx-23.0.1_windows-x64_bin-sdk\javafx-sdk-23.0.1\bin\api-ms-win-crt-time-l1-1-0.dll
0x000001f67cd80000 - 0x000001f67cd83000 	C:\Users\loren\Desktop\JavaFXLibraries\openjfx-23.0.1_windows-x64_bin-sdk\javafx-sdk-23.0.1\bin\api-ms-win-crt-utility-l1-1-0.dll
0x00007ffc4e730000 - 0x00007ffc4e82c000 	C:\Users\loren\Desktop\JavaFXLibraries\openjfx-23.0.1_windows-x64_bin-sdk\javafx-sdk-23.0.1\bin\ucrtbase.dll
0x00007ffc9da70000 - 0x00007ffc9da8b000 	C:\Users\loren\Desktop\JavaFXLibraries\openjfx-23.0.1_windows-x64_bin-sdk\javafx-sdk-23.0.1\bin\vcruntime140.dll
0x00007ffc9ba00000 - 0x00007ffc9ba0c000 	C:\Users\loren\Desktop\JavaFXLibraries\openjfx-23.0.1_windows-x64_bin-sdk\javafx-sdk-23.0.1\bin\vcruntime140_1.dll
0x00007ffc7fef0000 - 0x00007ffc7ff7e000 	C:\Users\loren\Desktop\JavaFXLibraries\openjfx-23.0.1_windows-x64_bin-sdk\javafx-sdk-23.0.1\bin\msvcp140.dll
0x00007ffc9b940000 - 0x00007ffc9b949000 	C:\Users\loren\Desktop\JavaFXLibraries\openjfx-23.0.1_windows-x64_bin-sdk\javafx-sdk-23.0.1\bin\msvcp140_1.dll
0x00007ffc8ffb0000 - 0x00007ffc8fff1000 	C:\Users\loren\Desktop\JavaFXLibraries\openjfx-23.0.1_windows-x64_bin-sdk\javafx-sdk-23.0.1\bin\msvcp140_2.dll
0x00007ffc97af0000 - 0x00007ffc97b20000 	C:\Users\loren\Desktop\JavaFXLibraries\openjfx-23.0.1_windows-x64_bin-sdk\javafx-sdk-23.0.1\bin\prism_d3d.dll
0x00007ffc76e00000 - 0x00007ffc76fb0000 	C:\WINDOWS\system32\d3d9.dll
0x00007ffc9dfa0000 - 0x00007ffc9dfd0000 	C:\WINDOWS\SYSTEM32\dwmapi.dll
0x00007ffc9ddf0000 - 0x00007ffc9de33000 	C:\WINDOWS\SYSTEM32\dxcore.dll
0x00007ffc9dd10000 - 0x00007ffc9ddba000 	C:\WINDOWS\system32\uxtheme.dll
0x00007ffc9b380000 - 0x00007ffc9b3e3000 	C:\WINDOWS\SYSTEM32\directxdatabasehelper.dll
0x00007ffca05a0000 - 0x00007ffca05f7000 	C:\WINDOWS\SYSTEM32\cfgmgr32.dll
0x00007ffca0170000 - 0x00007ffca0183000 	C:\WINDOWS\SYSTEM32\msasn1.dll
0x00007ffc96730000 - 0x00007ffc9676b000 	C:\WINDOWS\SYSTEM32\cryptnet.dll
0x00007ffca0a50000 - 0x00007ffca0bc7000 	C:\WINDOWS\System32\CRYPT32.dll
0x00007ffca0060000 - 0x00007ffca006c000 	C:\WINDOWS\SYSTEM32\cryptbase.dll
0x00007ffca1210000 - 0x00007ffca128f000 	C:\WINDOWS\System32\wintrust.dll
0x00007ffca26a0000 - 0x00007ffca26c0000 	C:\WINDOWS\System32\imagehlp.dll
0x00007ffca0040000 - 0x00007ffca005b000 	C:\WINDOWS\SYSTEM32\CRYPTSP.dll
0x00007ffc9f740000 - 0x00007ffc9f77a000 	C:\WINDOWS\system32\rsaenh.dll
0x00007ffca0940000 - 0x00007ffca096a000 	C:\WINDOWS\SYSTEM32\bcrypt.dll
0x00007ffc85ad0000 - 0x00007ffc85b15000 	C:\Users\loren\Desktop\JavaFXLibraries\openjfx-23.0.1_windows-x64_bin-sdk\javafx-sdk-23.0.1\bin\glass.dll
0x00007ffca37c0000 - 0x00007ffca38b2000 	C:\WINDOWS\System32\COMDLG32.dll
0x00007ffc4dee0000 - 0x00007ffc4e011000 	C:\ProgramData\A-Volute\A-Volute.SonicStudio3\Modules\ScheduledModules\x64\AudioDevProps2.dll
0x00007ffca2470000 - 0x00007ffca25ce000 	C:\WINDOWS\System32\MSCTF.dll
0x00007ffc736f0000 - 0x00007ffc737b1000 	C:\WINDOWS\System32\DriverStore\FileRepository\nvam.inf_amd64_900a074fe80431cd\nvldumdx.dll
0x00007ffca0100000 - 0x00007ffca0165000 	C:\WINDOWS\SYSTEM32\wldp.dll
0x00007ffc95ea0000 - 0x00007ffc9601b000 	C:\WINDOWS\SYSTEM32\drvstore.dll
0x00007ffca0600000 - 0x00007ffca062d000 	C:\WINDOWS\SYSTEM32\devobj.dll
0x00007ffc716e0000 - 0x00007ffc7350f000 	C:\WINDOWS\System32\DriverStore\FileRepository\nvam.inf_amd64_900a074fe80431cd\nvgpucomp64.dll
0x00007ffc04060000 - 0x00007ffc060a3000 	C:\WINDOWS\System32\DriverStore\FileRepository\nvam.inf_amd64_900a074fe80431cd\nvd3dumx.dll
0x00007ffc6aea0000 - 0x00007ffc6b170000 	C:\WINDOWS\system32\nvspcap64.dll
0x00007ffc9f910000 - 0x00007ffc9f946000 	C:\WINDOWS\SYSTEM32\ntmarta.dll
0x00007ffc997f0000 - 0x00007ffc999cb000 	C:\WINDOWS\System32\DriverStore\FileRepository\u0360120.inf_amd64_6caf8ce0d87c269d\B358199\aticfx64.dll
0x00007ffc956f0000 - 0x00007ffc95723000 	C:\WINDOWS\System32\DriverStore\FileRepository\u0360120.inf_amd64_6caf8ce0d87c269d\B358199\atiu9p64.dll
0x00007ffc033c0000 - 0x00007ffc04056000 	C:\WINDOWS\System32\DriverStore\FileRepository\u0360120.inf_amd64_6caf8ce0d87c269d\B358199\atiumd64.dll
0x00000000522f0000 - 0x000000005316d000 	C:\WINDOWS\System32\DriverStore\FileRepository\u0360120.inf_amd64_6caf8ce0d87c269d\B358199\atiumd6a.dll
0x00007ffc976b0000 - 0x00007ffc976df000 	C:\WINDOWS\SYSTEM32\amdihk64.dll
0x00007ffca25e0000 - 0x00007ffca2690000 	C:\WINDOWS\System32\clbcatq.dll
0x00007ffc8e0a0000 - 0x00007ffc8e1f0000 	C:\Windows\System32\Windows.UI.dll

dbghelp: loaded successfully - version: 4.0.5 - missing functions: none
symbol engine: initialized successfully - sym options: 0x614 - pdb path: .;C:\Program Files\Java\jdk-23\bin;C:\WINDOWS\SYSTEM32;C:\WINDOWS\WinSxS\amd64_microsoft.windows.common-controls_6595b64144ccf1df_6.0.26100.7019_none_3e06ffa0e335b8a8;C:\Program Files\Java\jdk-23\bin\server;C:\Users\loren\Desktop\JavaFXLibraries\openjfx-23.0.1_windows-x64_bin-sdk\javafx-sdk-23.0.1\bin;C:\ProgramData\A-Volute\A-Volute.SonicStudio3\Modules\ScheduledModules\x64;C:\WINDOWS\System32\DriverStore\FileRepository\nvam.inf_amd64_900a074fe80431cd;C:\WINDOWS\System32\DriverStore\FileRepository\u0360120.inf_amd64_6caf8ce0d87c269d\B358199;C:\Program Files\Common Files\Microsoft Shared\Ink

VM Arguments:
jvm_args: --module-path=C:\Users\loren\Desktop\Tor Vergata\ISPW\Progetto\ISPW_Progetto\Dream_Finder\libs\javafx-sdk-23.0.1\lib --add-modules=javafx.controls,javafx.graphics,javafx.fxml -Dfile.encoding=UTF-8 -Dstdout.encoding=UTF-8 -Dstderr.encoding=UTF-8 --module-path=C:\Users\loren\Desktop\Tor Vergata\ISPW\Progetto\ISPW_Progetto\Dream_Finder\bin;C:\Users\loren\.p2\pool\plugins\org.eclipse.fx.ide.css.jfx8_3.8.0.202204150904.jar;C:\Users\loren\Desktop\JavaFXLibraries\openjfx-23.0.1_windows-x64_bin-sdk\javafx-sdk-23.0.1\lib\javafx.base.jar;C:\Users\loren\Desktop\JavaFXLibraries\openjfx-23.0.1_windows-x64_bin-sdk\javafx-sdk-23.0.1\lib\javafx.controls.jar;C:\Users\loren\Desktop\JavaFXLibraries\openjfx-23.0.1_windows-x64_bin-sdk\javafx-sdk-23.0.1\lib\javafx.fxml.jar;C:\Users\loren\Desktop\JavaFXLibraries\openjfx-23.0.1_windows-x64_bin-sdk\javafx-sdk-23.0.1\lib\javafx.graphics.jar;C:\Users\loren\Desktop\JavaFXLibraries\openjfx-23.0.1_windows-x64_bin-sdk\javafx-sdk-23.0.1\lib\javafx.media.jar;C:\Users\loren\Desktop\JavaFXLibraries\openjfx-23.0.1_windows-x64_bin-sdk\javafx-sdk-23.0.1\lib\javafx.swing.jar;C:\Users\loren\Desktop\JavaFXLibraries\openjfx-23.0.1_windows-x64_bin-sdk\javafx-sdk-23.0.1\lib\javafx.web.jar;C:\Users\loren\Desktop\JavaFXLibraries\openjfx-23.0.1_windows-x64_bin-sdk\javafx-sdk-23.0.1\lib\javafx-swt.jar -XX:+ShowCodeDetailsInExceptionMessages -Djdk.module.main=Dream_Finder 
java_command: Dream_Finder/application.Main
java_class_path (initial): <not set>
Launcher Type: SUN_STANDARD

[Global flags]
     intx CICompilerCount                          = 4                                         {product} {ergonomic}
     uint ConcGCThreads                            = 2                                         {product} {ergonomic}
     uint G1ConcRefinementThreads                  = 8                                         {product} {ergonomic}
   size_t G1HeapRegionSize                         = 2097152                                   {product} {ergonomic}
   size_t InitialHeapSize                          = 264241152                                 {product} {ergonomic}
   size_t MarkStackSize                            = 4194304                                   {product} {ergonomic}
   size_t MarkStackSizeMax                         = 536870912                                 {product} {ergonomic}
   size_t MaxHeapSize                              = 4211081216                                {product} {ergonomic}
   size_t MaxNewSize                               = 2524971008                                {product} {ergonomic}
   size_t MinHeapDeltaBytes                        = 2097152                                   {product} {ergonomic}
   size_t MinHeapSize                              = 8388608                                   {product} {ergonomic}
    uintx NonNMethodCodeHeapSize                   = 5832704                                {pd product} {ergonomic}
    uintx NonProfiledCodeHeapSize                  = 122945536                              {pd product} {ergonomic}
    uintx ProfiledCodeHeapSize                     = 122880000                              {pd product} {ergonomic}
    uintx ReservedCodeCacheSize                    = 251658240                              {pd product} {ergonomic}
     bool SegmentedCodeCache                       = true                                      {product} {ergonomic}
     bool ShowCodeDetailsInExceptionMessages       = true                                   {manageable} {command line}
   size_t SoftMaxHeapSize                          = 4211081216                             {manageable} {ergonomic}
     bool UseCompressedOops                        = true                           {product lp64_product} {ergonomic}
     bool UseG1GC                                  = true                                      {product} {ergonomic}
     bool UseLargePagesIndividualAllocation        = false                                  {pd product} {ergonomic}

Logging:
Log output configuration:
 #0: stdout all=warning uptime,level,tags foldmultilines=false
 #1: stderr all=off uptime,level,tags foldmultilines=false

Environment Variables:
PATH=C:\Program Files\Common Files\Oracle\Java\javapath;C:\ProgramData\Oracle\Java\javapath;C:\Windows\system32;C:\Windows;C:\Windows\System32\Wbem;C:\Windows\System32\WindowsPowerShell\v1.0\;C:\Windows\System32\OpenSSH\;C:\Program Files (x86)\NVIDIA Corporation\PhysX\Common;C:\Program Files\NVIDIA Corporation\NVIDIA NvDLISR;C:\Program Files (x86)\Brackets\command;C:\WINDOWS\system32;C:\WINDOWS;C:\WINDOWS\System32\Wbem;C:\WINDOWS\System32\WindowsPowerShell\v1.0\;C:\WINDOWS\System32\OpenSSH\;C:\Program Files\MATLAB\R2022a\bin;C:\Program Files\dotnet\;C:\Program Files\Git\cmd;C:\Program Files\MySQL\MySQL Shell 8.0\bin\;C:\Users\loren\AppData\Local\Microsoft\WindowsApps;C:\Program Files\JetBrains\PyCharm Community Edition 2021.1.1\bin;;C:\Users\loren\AppData\Local\GitHubDesktop\bin;
USERNAME=loren
OS=Windows_NT
PROCESSOR_IDENTIFIER=AMD64 Family 23 Model 24 Stepping 1, AuthenticAMD
TMP=C:\Users\loren\AppData\Local\Temp
TEMP=C:\Users\loren\AppData\Local\Temp




Periodic native trim disabled

---------------  S Y S T E M  ---------------

OS:
 Windows 11 , 64 bit Build 26100 (10.0.26100.7019)
OS uptime: 20 days 21:27 hours
Hyper-V role detected

CPU: total 8 (initial active 8) (8 cores per cpu, 2 threads per core) family 23 model 24 stepping 1 microcode 0x8108102, cx8, cmov, fxsr, ht, mmx, 3dnowpref, sse, sse2, sse3, ssse3, sse4a, sse4.1, sse4.2, popcnt, lzcnt, tsc, tscinvbit, avx, avx2, aes, clmul, bmi1, bmi2, adx, sha, fma, vzeroupper, clflush, clflushopt, hv, rdtscp, f16c
Processor Information for the first 8 processors :
  Max Mhz: 2300, Current Mhz: 2300, Mhz Limit: 2300

Memory: 4k page, system-wide physical 16063M (5050M free)
TotalPageFile size 24814M (AvailPageFile size 0M)
current process WorkingSet (physical memory assigned to process): 342M, peak: 344M
current process commit charge ("private bytes"): 634M, peak: 634M

vm_info: Java HotSpot(TM) 64-Bit Server VM (23+37-2369) for windows-amd64 JRE (23+37-2369), built on 2024-08-20T16:01:23Z with MS VC++ 17.6 (VS2022)

END.
